<?xml version="1.0" encoding="UTF-8"?>
<robot generator="Robot 7.0 (Python 3.11.8 on darwin)" generated="2024-04-08T17:29:23.632146" rpa="false" schemaversion="5">
<suite id="s1" name="Open Apps" source="/Users/eugeniapoh/Desktop/SCDF-Automation/Test/open_apps.robot">
<test id="s1-t1" name="Open Application" line="13">
<kw name="Open Application" owner="AppiumLibrary">
<arg>${pcloudy_link}</arg>
<arg>pCloudy_Username=${pcloudy_username}</arg>
<arg>pCloudy_ApiKey=${pcloudy_apiKey}</arg>
<arg>platformName=${pcloudy_platformName}</arg>
<arg>pCloudy_ApplicationName=${pcloudy_appName}</arg>
<arg>pCloudy_DeviceManafacturer=${pcloudy_deviceManufacturer}</arg>
<arg>pCloudy_DeviceFullName=${pcloudy_deviceFulleName}</arg>
<arg>appPackage=${pcloudy_appPackage}</arg>
<arg>appActivity=${pcloudy_appActivity}</arg>
<arg>automationName=${pcloudy_automationName}</arg>
<doc>Opens a new application to given Appium server.
Capabilities of appium server, Android and iOS,
Please check https://github.com/appium/appium/blob/master/docs/en/writing-running-appium/server-args.md
| *Option*            | *Man.* | *Description*     |
| remote_url          | Yes    | Appium server url |
| alias               | no     | alias             |
| strict_ssl          | No     | allows you to send commands to an invalid certificate host like a self-signed one. |</doc>
<status status="PASS" start="2024-04-08T17:29:23.705494" elapsed="35.981936"/>
</kw>
<doc>Install app on pcloudy test device based on configuration input</doc>
<status status="PASS" start="2024-04-08T17:29:23.705098" elapsed="35.983754"/>
</test>
<test id="s1-t2" name="Click On Continue" line="17">
<kw name="Wait Until Element Is Visible" owner="AppiumLibrary">
<msg time="2024-04-08T17:30:00.958350" level="INFO">xpath criteria: //android.view.ViewGroup[@content-desc='button Continue']</msg>
<arg>//android.view.ViewGroup[@content-desc='button Continue']</arg>
<doc>Waits until element specified with `locator` is visible.</doc>
<status status="PASS" start="2024-04-08T17:29:59.691583" elapsed="1.267150"/>
</kw>
<kw name="Click Element" owner="AppiumLibrary">
<msg time="2024-04-08T17:30:00.962425" level="INFO">Clicking element '//android.view.ViewGroup[@content-desc='button Continue']'.</msg>
<msg time="2024-04-08T17:30:01.866563" level="INFO">xpath criteria: //android.view.ViewGroup[@content-desc='button Continue']</msg>
<arg>//android.view.ViewGroup[@content-desc='button Continue']</arg>
<doc>Click element identified by `locator`.</doc>
<status status="PASS" start="2024-04-08T17:30:00.959715" elapsed="0.907138"/>
</kw>
<kw name="Log To Console" owner="BuiltIn">
<arg>Continue Button is clicked</arg>
<doc>Logs the given message to the console.</doc>
<status status="PASS" start="2024-04-08T17:30:01.867800" elapsed="0.000578"/>
</kw>
<doc>Click on Continue button after splash screen to go to login screen</doc>
<status status="PASS" start="2024-04-08T17:29:59.689751" elapsed="2.179008"/>
</test>
<test id="s1-t3" name="Login Screen" line="23">
<kw name="Wait Until Element Is Visible" owner="AppiumLibrary">
<msg time="2024-04-08T17:30:02.986593" level="INFO">xpath criteria: //android.widget.TextView[@text='Empower yourself with life-saving skills']</msg>
<arg>//android.widget.TextView[@text='Empower yourself with life-saving skills']</arg>
<doc>Waits until element specified with `locator` is visible.</doc>
<status status="PASS" start="2024-04-08T17:30:01.870433" elapsed="1.116493"/>
</kw>
<kw name="Element Should Be Visible" owner="AppiumLibrary">
<msg time="2024-04-08T17:30:03.532778" level="INFO">xpath criteria: //android.view.ViewGroup[@content-desc='button Continue with']</msg>
<arg>//android.view.ViewGroup[@content-desc='button Continue with']</arg>
<doc>Verifies that element identified with locator is visible.</doc>
<status status="PASS" start="2024-04-08T17:30:02.987664" elapsed="0.545431"/>
</kw>
<kw name="Element Should Be Visible" owner="AppiumLibrary">
<msg time="2024-04-08T17:30:04.064394" level="INFO">xpath criteria: //android.view.ViewGroup[@content-desc='button Continue with mobile number']</msg>
<arg>//android.view.ViewGroup[@content-desc='button Continue with mobile number']</arg>
<doc>Verifies that element identified with locator is visible.</doc>
<status status="PASS" start="2024-04-08T17:30:03.533972" elapsed="0.530786"/>
</kw>
<kw name="Click Element" owner="AppiumLibrary">
<msg time="2024-04-08T17:30:04.068978" level="INFO">Clicking element '//android.view.ViewGroup[@content-desc='button Continue with mobile number']'.</msg>
<msg time="2024-04-08T17:30:04.758790" level="INFO">xpath criteria: //android.view.ViewGroup[@content-desc='button Continue with mobile number']</msg>
<arg>//android.view.ViewGroup[@content-desc='button Continue with mobile number']</arg>
<doc>Click element identified by `locator`.</doc>
<status status="PASS" start="2024-04-08T17:30:04.065756" elapsed="0.694074"/>
</kw>
<kw name="Log To Console" owner="BuiltIn">
<arg>Login Screen: Continue with mobile number Button is clicked</arg>
<doc>Logs the given message to the console.</doc>
<status status="PASS" start="2024-04-08T17:30:04.760608" elapsed="0.000439"/>
</kw>
<doc>Continue with mobile number</doc>
<status status="PASS" start="2024-04-08T17:30:01.869292" elapsed="2.892183"/>
</test>
<test id="s1-t4" name="Terms &amp; Condition Screen - Continue disabled" line="31">
<kw name="Page Should Contain Element" owner="AppiumLibrary">
<msg time="2024-04-08T17:30:05.985116" level="INFO">Current page contains element '//android.view.ViewGroup[@content-desc='button Continue']'.</msg>
<msg time="2024-04-08T17:30:05.985368" level="INFO">xpath criteria: //android.view.ViewGroup[@content-desc='button Continue']</msg>
<arg>//android.view.ViewGroup[@content-desc='button Continue']</arg>
<doc>Verifies that current page contains `locator` element.</doc>
<status status="PASS" start="2024-04-08T17:30:04.762791" elapsed="1.222747"/>
</kw>
<kw name="Page Should Contain Element" owner="AppiumLibrary">
<msg time="2024-04-08T17:30:06.331643" level="INFO">Current page contains element '//android.view.ViewGroup[@index='0']'.</msg>
<msg time="2024-04-08T17:30:06.332238" level="INFO">xpath criteria: //android.view.ViewGroup[@index='0']</msg>
<arg>//android.view.ViewGroup[@index='0']</arg>
<doc>Verifies that current page contains `locator` element.</doc>
<status status="PASS" start="2024-04-08T17:30:05.986228" elapsed="0.346095"/>
</kw>
<kw name="Element Should Be Disabled" owner="AppiumLibrary">
<msg time="2024-04-08T17:30:06.888858" level="INFO">Element '//android.view.ViewGroup[@content-desc='button Continue']' is disabled .</msg>
<msg time="2024-04-08T17:30:06.888900" level="INFO">xpath criteria: //android.view.ViewGroup[@content-desc='button Continue']</msg>
<arg>//android.view.ViewGroup[@content-desc='button Continue']</arg>
<doc>Verifies that element identified with locator is disabled.</doc>
<status status="PASS" start="2024-04-08T17:30:06.333185" elapsed="0.555734"/>
</kw>
<doc>Continue button should be disabled if checkbox not ticked</doc>
<status status="PASS" start="2024-04-08T17:30:04.761848" elapsed="2.127163"/>
</test>
<test id="s1-t5" name="Terms &amp; Condition Screen - Continue enabled" line="37">
<kw name="Click Element" owner="AppiumLibrary">
<msg time="2024-04-08T17:30:06.889961" level="INFO">Clicking element '//android.widget.FrameLayout/android.widget.LinearLayout/android.widget.FrameLayout/android.widget.LinearLayout/android.widget.FrameLayout/android.widget.FrameLayout/android.view.ViewGroup/android.view.ViewGroup/android.view.ViewGroup/android.view.ViewGroup/android.widget.FrameLayout/android.view.ViewGroup/android.view.ViewGroup/android.view.ViewGroup/android.view.ViewGroup/android.view.ViewGroup/android.view.ViewGroup/android.view.ViewGroup/android.view.ViewGroup/android.view.ViewGroup'.</msg>
<msg time="2024-04-08T17:30:07.502382" level="INFO">xpath criteria: //android.widget.FrameLayout/android.widget.LinearLayout/android.widget.FrameLayout/android.widget.LinearLayout/android.widget.FrameLayout/android.widget.FrameLayout/android.view.ViewGroup/android.view.ViewGroup/android.view.ViewGroup/android.view.ViewGroup/android.widget.FrameLayout/android.view.ViewGroup/android.view.ViewGroup/android.view.ViewGroup/android.view.ViewGroup/android.view.ViewGroup/android.view.ViewGroup/android.view.ViewGroup/android.view.ViewGroup/android.view.ViewGroup</msg>
<arg>//android.widget.FrameLayout/android.widget.LinearLayout/android.widget.FrameLayout/android.widget.LinearLayout/android.widget.FrameLayout/android.widget.FrameLayout/android.view.ViewGroup/android.view.ViewGroup/android.view.ViewGroup/android.view.ViewGroup/android.widget.FrameLayout/android.view.ViewGroup/android.view.ViewGroup/android.view.ViewGroup/android.view.ViewGroup/android.view.ViewGroup/android.view.ViewGroup/android.view.ViewGroup/android.view.ViewGroup/android.view.ViewGroup</arg>
<doc>Click element identified by `locator`.</doc>
<status status="PASS" start="2024-04-08T17:30:06.889368" elapsed="0.615641"/>
</kw>
<kw name="Element Should Be Enabled" owner="AppiumLibrary">
<msg time="2024-04-08T17:30:08.498437" level="INFO">Element '//android.view.ViewGroup[@content-desc='button Continue']' is enabled .</msg>
<msg time="2024-04-08T17:30:08.498744" level="INFO">xpath criteria: //android.view.ViewGroup[@content-desc='button Continue']</msg>
<arg>//android.view.ViewGroup[@content-desc='button Continue']</arg>
<doc>Verifies that element identified with locator is enabled.</doc>
<status status="PASS" start="2024-04-08T17:30:07.505803" elapsed="0.993049"/>
</kw>
<doc>Continue button should be enabled if checkbox is ticked</doc>
<status status="PASS" start="2024-04-08T17:30:06.889098" elapsed="1.610327"/>
</test>
<test id="s1-t6" name="Terms &amp; Condition Screen - Continue" line="42">
<kw name="Click Element" owner="AppiumLibrary">
<msg time="2024-04-08T17:30:08.506858" level="INFO">Clicking element '//android.view.ViewGroup[@content-desc='button Continue']'.</msg>
<msg time="2024-04-08T17:30:09.137842" level="INFO">xpath criteria: //android.view.ViewGroup[@content-desc='button Continue']</msg>
<arg>//android.view.ViewGroup[@content-desc='button Continue']</arg>
<doc>Click element identified by `locator`.</doc>
<status status="PASS" start="2024-04-08T17:30:08.501462" elapsed="0.636693"/>
</kw>
<kw name="Log To Console" owner="BuiltIn">
<arg>T&amp;C Screen: Continue Button is clicked</arg>
<doc>Logs the given message to the console.</doc>
<status status="PASS" start="2024-04-08T17:30:09.139000" elapsed="0.000570"/>
</kw>
<doc>Click on Continue button</doc>
<status status="PASS" start="2024-04-08T17:30:08.500422" elapsed="0.639712"/>
</test>
<test id="s1-t7" name="Continue with Mobile number screen - Invalid mobile number length &amp; NRIC length" line="47">
<kw name="Input Text" owner="AppiumLibrary">
<msg time="2024-04-08T17:30:09.148062" level="INFO">Typing text '98765' into text field '//android.widget.FrameLayout/android.widget.LinearLayout/android.widget.FrameLayout/android.widget.LinearLayout/android.widget.FrameLayout/android.widget.FrameLayout/android.view.ViewGroup/android.view.ViewGroup/android.view.ViewGroup/android.view.ViewGroup/android.widget.FrameLayout/android.view.ViewGroup/android.view.ViewGroup/android.view.ViewGroup/android.view.ViewGroup/android.view.ViewGroup/android.view.ViewGroup/android.widget.ScrollView/android.view.ViewGroup/android.view.ViewGroup[1]/android.view.ViewGroup/android.view.ViewGroup/android.widget.EditText'</msg>
<msg time="2024-04-08T17:30:10.678710" level="INFO">xpath criteria: //android.widget.FrameLayout/android.widget.LinearLayout/android.widget.FrameLayout/android.widget.LinearLayout/android.widget.FrameLayout/android.widget.FrameLayout/android.view.ViewGroup/android.view.ViewGroup/android.view.ViewGroup/android.view.ViewGroup/android.widget.FrameLayout/android.view.ViewGroup/android.view.ViewGroup/android.view.ViewGroup/android.view.ViewGroup/android.view.ViewGroup/android.view.ViewGroup/android.widget.ScrollView/android.view.ViewGroup/android.view.ViewGroup[1]/android.view.ViewGroup/android.view.ViewGroup/android.widget.EditText</msg>
<arg>//android.widget.FrameLayout/android.widget.LinearLayout/android.widget.FrameLayout/android.widget.LinearLayout/android.widget.FrameLayout/android.widget.FrameLayout/android.view.ViewGroup/android.view.ViewGroup/android.view.ViewGroup/android.view.ViewGroup/android.widget.FrameLayout/android.view.ViewGroup/android.view.ViewGroup/android.view.ViewGroup/android.view.ViewGroup/android.view.ViewGroup/android.view.ViewGroup/android.widget.ScrollView/android.view.ViewGroup/android.view.ViewGroup[1]/android.view.ViewGroup/android.view.ViewGroup/android.widget.EditText</arg>
<arg>${invalidPhone}</arg>
<doc>Types the given `text` into text field identified by `locator`.</doc>
<status status="PASS" start="2024-04-08T17:30:09.142851" elapsed="1.536156"/>
</kw>
<kw name="Input Text" owner="AppiumLibrary">
<msg time="2024-04-08T17:30:10.684835" level="INFO">Typing text 'S9823X' into text field '//android.widget.FrameLayout/android.widget.LinearLayout/android.widget.FrameLayout/android.widget.LinearLayout/android.widget.FrameLayout/android.widget.FrameLayout/android.view.ViewGroup/android.view.ViewGroup/android.view.ViewGroup/android.view.ViewGroup/android.widget.FrameLayout/android.view.ViewGroup/android.view.ViewGroup/android.view.ViewGroup/android.view.ViewGroup/android.view.ViewGroup/android.view.ViewGroup/android.widget.ScrollView/android.view.ViewGroup/android.view.ViewGroup/android.view.ViewGroup/android.view.ViewGroup[1]/android.widget.EditText'</msg>
<msg time="2024-04-08T17:30:11.678374" level="INFO">xpath criteria: //android.widget.FrameLayout/android.widget.LinearLayout/android.widget.FrameLayout/android.widget.LinearLayout/android.widget.FrameLayout/android.widget.FrameLayout/android.view.ViewGroup/android.view.ViewGroup/android.view.ViewGroup/android.view.ViewGroup/android.widget.FrameLayout/android.view.ViewGroup/android.view.ViewGroup/android.view.ViewGroup/android.view.ViewGroup/android.view.ViewGroup/android.view.ViewGroup/android.widget.ScrollView/android.view.ViewGroup/android.view.ViewGroup/android.view.ViewGroup/android.view.ViewGroup[1]/android.widget.EditText</msg>
<arg>//android.widget.FrameLayout/android.widget.LinearLayout/android.widget.FrameLayout/android.widget.LinearLayout/android.widget.FrameLayout/android.widget.FrameLayout/android.view.ViewGroup/android.view.ViewGroup/android.view.ViewGroup/android.view.ViewGroup/android.widget.FrameLayout/android.view.ViewGroup/android.view.ViewGroup/android.view.ViewGroup/android.view.ViewGroup/android.view.ViewGroup/android.view.ViewGroup/android.widget.ScrollView/android.view.ViewGroup/android.view.ViewGroup/android.view.ViewGroup/android.view.ViewGroup[1]/android.widget.EditText</arg>
<arg>${invalidIC}</arg>
<doc>Types the given `text` into text field identified by `locator`.</doc>
<status status="PASS" start="2024-04-08T17:30:10.679787" elapsed="0.998991"/>
</kw>
<kw name="Element Should Be Disabled" owner="AppiumLibrary">
<msg time="2024-04-08T17:30:12.527645" level="INFO">Element '//android.view.ViewGroup[@content-desc='button Next']' is disabled .</msg>
<msg time="2024-04-08T17:30:12.527868" level="INFO">xpath criteria: //android.view.ViewGroup[@content-desc='button Next']</msg>
<arg>//android.view.ViewGroup[@content-desc='button Next']</arg>
<doc>Verifies that element identified with locator is disabled.</doc>
<status status="PASS" start="2024-04-08T17:30:11.679558" elapsed="0.848382"/>
</kw>
<kw name="Clear Text" owner="AppiumLibrary">
<msg time="2024-04-08T17:30:12.530543" level="INFO">Clear text field '//android.widget.FrameLayout/android.widget.LinearLayout/android.widget.FrameLayout/android.widget.LinearLayout/android.widget.FrameLayout/android.widget.FrameLayout/android.view.ViewGroup/android.view.ViewGroup/android.view.ViewGroup/android.view.ViewGroup/android.widget.FrameLayout/android.view.ViewGroup/android.view.ViewGroup/android.view.ViewGroup/android.view.ViewGroup/android.view.ViewGroup/android.view.ViewGroup/android.widget.ScrollView/android.view.ViewGroup/android.view.ViewGroup[1]/android.view.ViewGroup/android.view.ViewGroup/android.widget.EditText'</msg>
<msg time="2024-04-08T17:30:13.111290" level="INFO">xpath criteria: //android.widget.FrameLayout/android.widget.LinearLayout/android.widget.FrameLayout/android.widget.LinearLayout/android.widget.FrameLayout/android.widget.FrameLayout/android.view.ViewGroup/android.view.ViewGroup/android.view.ViewGroup/android.view.ViewGroup/android.widget.FrameLayout/android.view.ViewGroup/android.view.ViewGroup/android.view.ViewGroup/android.view.ViewGroup/android.view.ViewGroup/android.view.ViewGroup/android.widget.ScrollView/android.view.ViewGroup/android.view.ViewGroup[1]/android.view.ViewGroup/android.view.ViewGroup/android.widget.EditText</msg>
<arg>//android.widget.FrameLayout/android.widget.LinearLayout/android.widget.FrameLayout/android.widget.LinearLayout/android.widget.FrameLayout/android.widget.FrameLayout/android.view.ViewGroup/android.view.ViewGroup/android.view.ViewGroup/android.view.ViewGroup/android.widget.FrameLayout/android.view.ViewGroup/android.view.ViewGroup/android.view.ViewGroup/android.view.ViewGroup/android.view.ViewGroup/android.view.ViewGroup/android.widget.ScrollView/android.view.ViewGroup/android.view.ViewGroup[1]/android.view.ViewGroup/android.view.ViewGroup/android.widget.EditText</arg>
<doc>Clears the text field identified by `locator`.</doc>
<status status="PASS" start="2024-04-08T17:30:12.528519" elapsed="0.583080"/>
</kw>
<kw name="Clear Text" owner="AppiumLibrary">
<msg time="2024-04-08T17:30:13.117586" level="INFO">Clear text field '//android.widget.FrameLayout/android.widget.LinearLayout/android.widget.FrameLayout/android.widget.LinearLayout/android.widget.FrameLayout/android.widget.FrameLayout/android.view.ViewGroup/android.view.ViewGroup/android.view.ViewGroup/android.view.ViewGroup/android.widget.FrameLayout/android.view.ViewGroup/android.view.ViewGroup/android.view.ViewGroup/android.view.ViewGroup/android.view.ViewGroup/android.view.ViewGroup/android.widget.ScrollView/android.view.ViewGroup/android.view.ViewGroup/android.view.ViewGroup/android.view.ViewGroup[1]/android.widget.EditText'</msg>
<msg time="2024-04-08T17:30:14.180113" level="INFO">xpath criteria: //android.widget.FrameLayout/android.widget.LinearLayout/android.widget.FrameLayout/android.widget.LinearLayout/android.widget.FrameLayout/android.widget.FrameLayout/android.view.ViewGroup/android.view.ViewGroup/android.view.ViewGroup/android.view.ViewGroup/android.widget.FrameLayout/android.view.ViewGroup/android.view.ViewGroup/android.view.ViewGroup/android.view.ViewGroup/android.view.ViewGroup/android.view.ViewGroup/android.widget.ScrollView/android.view.ViewGroup/android.view.ViewGroup/android.view.ViewGroup/android.view.ViewGroup[1]/android.widget.EditText</msg>
<arg>//android.widget.FrameLayout/android.widget.LinearLayout/android.widget.FrameLayout/android.widget.LinearLayout/android.widget.FrameLayout/android.widget.FrameLayout/android.view.ViewGroup/android.view.ViewGroup/android.view.ViewGroup/android.view.ViewGroup/android.widget.FrameLayout/android.view.ViewGroup/android.view.ViewGroup/android.view.ViewGroup/android.view.ViewGroup/android.view.ViewGroup/android.view.ViewGroup/android.widget.ScrollView/android.view.ViewGroup/android.view.ViewGroup/android.view.ViewGroup/android.view.ViewGroup[1]/android.widget.EditText</arg>
<doc>Clears the text field identified by `locator`.</doc>
<status status="PASS" start="2024-04-08T17:30:13.112447" elapsed="1.067855"/>
</kw>
<doc>Given mobile number:98765 and NRIC:S9823X, next button should be disabled</doc>
<status status="PASS" start="2024-04-08T17:30:09.141060" elapsed="5.039724"/>
</test>
<test id="s1-t8" name="Continue with Mobile number screen - Valid mobile number &amp; invalid NRIC length" line="55">
<kw name="Input Text" owner="AppiumLibrary">
<msg time="2024-04-08T17:30:14.184110" level="INFO">Typing text '98765432' into text field '//android.widget.FrameLayout/android.widget.LinearLayout/android.widget.FrameLayout/android.widget.LinearLayout/android.widget.FrameLayout/android.widget.FrameLayout/android.view.ViewGroup/android.view.ViewGroup/android.view.ViewGroup/android.view.ViewGroup/android.widget.FrameLayout/android.view.ViewGroup/android.view.ViewGroup/android.view.ViewGroup/android.view.ViewGroup/android.view.ViewGroup/android.view.ViewGroup/android.widget.ScrollView/android.view.ViewGroup/android.view.ViewGroup[1]/android.view.ViewGroup/android.view.ViewGroup/android.widget.EditText'</msg>
<msg time="2024-04-08T17:30:15.064279" level="INFO">xpath criteria: //android.widget.FrameLayout/android.widget.LinearLayout/android.widget.FrameLayout/android.widget.LinearLayout/android.widget.FrameLayout/android.widget.FrameLayout/android.view.ViewGroup/android.view.ViewGroup/android.view.ViewGroup/android.view.ViewGroup/android.widget.FrameLayout/android.view.ViewGroup/android.view.ViewGroup/android.view.ViewGroup/android.view.ViewGroup/android.view.ViewGroup/android.view.ViewGroup/android.widget.ScrollView/android.view.ViewGroup/android.view.ViewGroup[1]/android.view.ViewGroup/android.view.ViewGroup/android.widget.EditText</msg>
<arg>//android.widget.FrameLayout/android.widget.LinearLayout/android.widget.FrameLayout/android.widget.LinearLayout/android.widget.FrameLayout/android.widget.FrameLayout/android.view.ViewGroup/android.view.ViewGroup/android.view.ViewGroup/android.view.ViewGroup/android.widget.FrameLayout/android.view.ViewGroup/android.view.ViewGroup/android.view.ViewGroup/android.view.ViewGroup/android.view.ViewGroup/android.view.ViewGroup/android.widget.ScrollView/android.view.ViewGroup/android.view.ViewGroup[1]/android.view.ViewGroup/android.view.ViewGroup/android.widget.EditText</arg>
<arg>${validPhone}</arg>
<doc>Types the given `text` into text field identified by `locator`.</doc>
<status status="PASS" start="2024-04-08T17:30:14.182062" elapsed="0.882566"/>
</kw>
<kw name="Input Text" owner="AppiumLibrary">
<msg time="2024-04-08T17:30:15.069764" level="INFO">Typing text 'S9823X' into text field '//android.widget.FrameLayout/android.widget.LinearLayout/android.widget.FrameLayout/android.widget.LinearLayout/android.widget.FrameLayout/android.widget.FrameLayout/android.view.ViewGroup/android.view.ViewGroup/android.view.ViewGroup/android.view.ViewGroup/android.widget.FrameLayout/android.view.ViewGroup/android.view.ViewGroup/android.view.ViewGroup/android.view.ViewGroup/android.view.ViewGroup/android.view.ViewGroup/android.widget.ScrollView/android.view.ViewGroup/android.view.ViewGroup/android.view.ViewGroup/android.view.ViewGroup[1]/android.widget.EditText'</msg>
<msg time="2024-04-08T17:30:16.133362" level="INFO">xpath criteria: //android.widget.FrameLayout/android.widget.LinearLayout/android.widget.FrameLayout/android.widget.LinearLayout/android.widget.FrameLayout/android.widget.FrameLayout/android.view.ViewGroup/android.view.ViewGroup/android.view.ViewGroup/android.view.ViewGroup/android.widget.FrameLayout/android.view.ViewGroup/android.view.ViewGroup/android.view.ViewGroup/android.view.ViewGroup/android.view.ViewGroup/android.view.ViewGroup/android.widget.ScrollView/android.view.ViewGroup/android.view.ViewGroup/android.view.ViewGroup/android.view.ViewGroup[1]/android.widget.EditText</msg>
<arg>//android.widget.FrameLayout/android.widget.LinearLayout/android.widget.FrameLayout/android.widget.LinearLayout/android.widget.FrameLayout/android.widget.FrameLayout/android.view.ViewGroup/android.view.ViewGroup/android.view.ViewGroup/android.view.ViewGroup/android.widget.FrameLayout/android.view.ViewGroup/android.view.ViewGroup/android.view.ViewGroup/android.view.ViewGroup/android.view.ViewGroup/android.view.ViewGroup/android.widget.ScrollView/android.view.ViewGroup/android.view.ViewGroup/android.view.ViewGroup/android.view.ViewGroup[1]/android.widget.EditText</arg>
<arg>${invalidIC}</arg>
<doc>Types the given `text` into text field identified by `locator`.</doc>
<status status="PASS" start="2024-04-08T17:30:15.065641" elapsed="1.068331"/>
</kw>
<kw name="Element Should Be Disabled" owner="AppiumLibrary">
<msg time="2024-04-08T17:30:17.016316" level="INFO">Element '//android.view.ViewGroup[@content-desc='button Next']' is disabled .</msg>
<msg time="2024-04-08T17:30:17.016575" level="INFO">xpath criteria: //android.view.ViewGroup[@content-desc='button Next']</msg>
<arg>//android.view.ViewGroup[@content-desc='button Next']</arg>
<doc>Verifies that element identified with locator is disabled.</doc>
<status status="PASS" start="2024-04-08T17:30:16.136470" elapsed="0.880186"/>
</kw>
<kw name="Clear Text" owner="AppiumLibrary">
<msg time="2024-04-08T17:30:17.019004" level="INFO">Clear text field '//android.widget.FrameLayout/android.widget.LinearLayout/android.widget.FrameLayout/android.widget.LinearLayout/android.widget.FrameLayout/android.widget.FrameLayout/android.view.ViewGroup/android.view.ViewGroup/android.view.ViewGroup/android.view.ViewGroup/android.widget.FrameLayout/android.view.ViewGroup/android.view.ViewGroup/android.view.ViewGroup/android.view.ViewGroup/android.view.ViewGroup/android.view.ViewGroup/android.widget.ScrollView/android.view.ViewGroup/android.view.ViewGroup[1]/android.view.ViewGroup/android.view.ViewGroup/android.widget.EditText'</msg>
<msg time="2024-04-08T17:30:17.620532" level="INFO">xpath criteria: //android.widget.FrameLayout/android.widget.LinearLayout/android.widget.FrameLayout/android.widget.LinearLayout/android.widget.FrameLayout/android.widget.FrameLayout/android.view.ViewGroup/android.view.ViewGroup/android.view.ViewGroup/android.view.ViewGroup/android.widget.FrameLayout/android.view.ViewGroup/android.view.ViewGroup/android.view.ViewGroup/android.view.ViewGroup/android.view.ViewGroup/android.view.ViewGroup/android.widget.ScrollView/android.view.ViewGroup/android.view.ViewGroup[1]/android.view.ViewGroup/android.view.ViewGroup/android.widget.EditText</msg>
<arg>//android.widget.FrameLayout/android.widget.LinearLayout/android.widget.FrameLayout/android.widget.LinearLayout/android.widget.FrameLayout/android.widget.FrameLayout/android.view.ViewGroup/android.view.ViewGroup/android.view.ViewGroup/android.view.ViewGroup/android.widget.FrameLayout/android.view.ViewGroup/android.view.ViewGroup/android.view.ViewGroup/android.view.ViewGroup/android.view.ViewGroup/android.view.ViewGroup/android.widget.ScrollView/android.view.ViewGroup/android.view.ViewGroup[1]/android.view.ViewGroup/android.view.ViewGroup/android.widget.EditText</arg>
<doc>Clears the text field identified by `locator`.</doc>
<status status="PASS" start="2024-04-08T17:30:17.017251" elapsed="0.603587"/>
</kw>
<kw name="Clear Text" owner="AppiumLibrary">
<msg time="2024-04-08T17:30:17.626151" level="INFO">Clear text field '//android.widget.FrameLayout/android.widget.LinearLayout/android.widget.FrameLayout/android.widget.LinearLayout/android.widget.FrameLayout/android.widget.FrameLayout/android.view.ViewGroup/android.view.ViewGroup/android.view.ViewGroup/android.view.ViewGroup/android.widget.FrameLayout/android.view.ViewGroup/android.view.ViewGroup/android.view.ViewGroup/android.view.ViewGroup/android.view.ViewGroup/android.view.ViewGroup/android.widget.ScrollView/android.view.ViewGroup/android.view.ViewGroup/android.view.ViewGroup/android.view.ViewGroup[1]/android.widget.EditText'</msg>
<msg time="2024-04-08T17:30:18.594660" level="INFO">xpath criteria: //android.widget.FrameLayout/android.widget.LinearLayout/android.widget.FrameLayout/android.widget.LinearLayout/android.widget.FrameLayout/android.widget.FrameLayout/android.view.ViewGroup/android.view.ViewGroup/android.view.ViewGroup/android.view.ViewGroup/android.widget.FrameLayout/android.view.ViewGroup/android.view.ViewGroup/android.view.ViewGroup/android.view.ViewGroup/android.view.ViewGroup/android.view.ViewGroup/android.widget.ScrollView/android.view.ViewGroup/android.view.ViewGroup/android.view.ViewGroup/android.view.ViewGroup[1]/android.widget.EditText</msg>
<arg>//android.widget.FrameLayout/android.widget.LinearLayout/android.widget.FrameLayout/android.widget.LinearLayout/android.widget.FrameLayout/android.widget.FrameLayout/android.view.ViewGroup/android.view.ViewGroup/android.view.ViewGroup/android.view.ViewGroup/android.widget.FrameLayout/android.view.ViewGroup/android.view.ViewGroup/android.view.ViewGroup/android.view.ViewGroup/android.view.ViewGroup/android.view.ViewGroup/android.widget.ScrollView/android.view.ViewGroup/android.view.ViewGroup/android.view.ViewGroup/android.view.ViewGroup[1]/android.widget.EditText</arg>
<doc>Clears the text field identified by `locator`.</doc>
<status status="PASS" start="2024-04-08T17:30:17.621835" elapsed="0.973075"/>
</kw>
<doc>Given mobile number:98765432 and NRIC:S9823X, next button should be disabled</doc>
<status status="PASS" start="2024-04-08T17:30:14.181275" elapsed="4.414198"/>
</test>
<test id="s1-t9" name="Continue with Mobile number screen - Valid NRIC &amp; invalid mobile number length" line="63">
<kw name="Input Text" owner="AppiumLibrary">
<msg time="2024-04-08T17:30:18.599853" level="INFO">Typing text '98765' into text field '//android.widget.FrameLayout/android.widget.LinearLayout/android.widget.FrameLayout/android.widget.LinearLayout/android.widget.FrameLayout/android.widget.FrameLayout/android.view.ViewGroup/android.view.ViewGroup/android.view.ViewGroup/android.view.ViewGroup/android.widget.FrameLayout/android.view.ViewGroup/android.view.ViewGroup/android.view.ViewGroup/android.view.ViewGroup/android.view.ViewGroup/android.view.ViewGroup/android.widget.ScrollView/android.view.ViewGroup/android.view.ViewGroup[1]/android.view.ViewGroup/android.view.ViewGroup/android.widget.EditText'</msg>
<msg time="2024-04-08T17:30:19.471510" level="INFO">xpath criteria: //android.widget.FrameLayout/android.widget.LinearLayout/android.widget.FrameLayout/android.widget.LinearLayout/android.widget.FrameLayout/android.widget.FrameLayout/android.view.ViewGroup/android.view.ViewGroup/android.view.ViewGroup/android.view.ViewGroup/android.widget.FrameLayout/android.view.ViewGroup/android.view.ViewGroup/android.view.ViewGroup/android.view.ViewGroup/android.view.ViewGroup/android.view.ViewGroup/android.widget.ScrollView/android.view.ViewGroup/android.view.ViewGroup[1]/android.view.ViewGroup/android.view.ViewGroup/android.widget.EditText</msg>
<arg>//android.widget.FrameLayout/android.widget.LinearLayout/android.widget.FrameLayout/android.widget.LinearLayout/android.widget.FrameLayout/android.widget.FrameLayout/android.view.ViewGroup/android.view.ViewGroup/android.view.ViewGroup/android.view.ViewGroup/android.widget.FrameLayout/android.view.ViewGroup/android.view.ViewGroup/android.view.ViewGroup/android.view.ViewGroup/android.view.ViewGroup/android.view.ViewGroup/android.widget.ScrollView/android.view.ViewGroup/android.view.ViewGroup[1]/android.view.ViewGroup/android.view.ViewGroup/android.widget.EditText</arg>
<arg>${invalidPhone}</arg>
<doc>Types the given `text` into text field identified by `locator`.</doc>
<status status="PASS" start="2024-04-08T17:30:18.597046" elapsed="0.874794"/>
</kw>
<kw name="Input Text" owner="AppiumLibrary">
<msg time="2024-04-08T17:30:19.477649" level="INFO">Typing text 'A1234567B' into text field '//android.widget.FrameLayout/android.widget.LinearLayout/android.widget.FrameLayout/android.widget.LinearLayout/android.widget.FrameLayout/android.widget.FrameLayout/android.view.ViewGroup/android.view.ViewGroup/android.view.ViewGroup/android.view.ViewGroup/android.widget.FrameLayout/android.view.ViewGroup/android.view.ViewGroup/android.view.ViewGroup/android.view.ViewGroup/android.view.ViewGroup/android.view.ViewGroup/android.widget.ScrollView/android.view.ViewGroup/android.view.ViewGroup/android.view.ViewGroup/android.view.ViewGroup[1]/android.widget.EditText'</msg>
<msg time="2024-04-08T17:30:20.529191" level="INFO">xpath criteria: //android.widget.FrameLayout/android.widget.LinearLayout/android.widget.FrameLayout/android.widget.LinearLayout/android.widget.FrameLayout/android.widget.FrameLayout/android.view.ViewGroup/android.view.ViewGroup/android.view.ViewGroup/android.view.ViewGroup/android.widget.FrameLayout/android.view.ViewGroup/android.view.ViewGroup/android.view.ViewGroup/android.view.ViewGroup/android.view.ViewGroup/android.view.ViewGroup/android.widget.ScrollView/android.view.ViewGroup/android.view.ViewGroup/android.view.ViewGroup/android.view.ViewGroup[1]/android.widget.EditText</msg>
<arg>//android.widget.FrameLayout/android.widget.LinearLayout/android.widget.FrameLayout/android.widget.LinearLayout/android.widget.FrameLayout/android.widget.FrameLayout/android.view.ViewGroup/android.view.ViewGroup/android.view.ViewGroup/android.view.ViewGroup/android.widget.FrameLayout/android.view.ViewGroup/android.view.ViewGroup/android.view.ViewGroup/android.view.ViewGroup/android.view.ViewGroup/android.view.ViewGroup/android.widget.ScrollView/android.view.ViewGroup/android.view.ViewGroup/android.view.ViewGroup/android.view.ViewGroup[1]/android.widget.EditText</arg>
<arg>${validIC}</arg>
<doc>Types the given `text` into text field identified by `locator`.</doc>
<status status="PASS" start="2024-04-08T17:30:19.472681" elapsed="1.056839"/>
</kw>
<kw name="Element Should Be Disabled" owner="AppiumLibrary">
<msg time="2024-04-08T17:30:21.414784" level="INFO">Element '//android.view.ViewGroup[@content-desc='button Next']' is disabled .</msg>
<msg time="2024-04-08T17:30:21.415078" level="INFO">xpath criteria: //android.view.ViewGroup[@content-desc='button Next']</msg>
<arg>//android.view.ViewGroup[@content-desc='button Next']</arg>
<doc>Verifies that element identified with locator is disabled.</doc>
<status status="PASS" start="2024-04-08T17:30:20.530394" elapsed="0.884803"/>
</kw>
<kw name="Clear Text" owner="AppiumLibrary">
<msg time="2024-04-08T17:30:21.418324" level="INFO">Clear text field '//android.widget.FrameLayout/android.widget.LinearLayout/android.widget.FrameLayout/android.widget.LinearLayout/android.widget.FrameLayout/android.widget.FrameLayout/android.view.ViewGroup/android.view.ViewGroup/android.view.ViewGroup/android.view.ViewGroup/android.widget.FrameLayout/android.view.ViewGroup/android.view.ViewGroup/android.view.ViewGroup/android.view.ViewGroup/android.view.ViewGroup/android.view.ViewGroup/android.widget.ScrollView/android.view.ViewGroup/android.view.ViewGroup[1]/android.view.ViewGroup/android.view.ViewGroup/android.widget.EditText'</msg>
<msg time="2024-04-08T17:30:22.020565" level="INFO">xpath criteria: //android.widget.FrameLayout/android.widget.LinearLayout/android.widget.FrameLayout/android.widget.LinearLayout/android.widget.FrameLayout/android.widget.FrameLayout/android.view.ViewGroup/android.view.ViewGroup/android.view.ViewGroup/android.view.ViewGroup/android.widget.FrameLayout/android.view.ViewGroup/android.view.ViewGroup/android.view.ViewGroup/android.view.ViewGroup/android.view.ViewGroup/android.view.ViewGroup/android.widget.ScrollView/android.view.ViewGroup/android.view.ViewGroup[1]/android.view.ViewGroup/android.view.ViewGroup/android.widget.EditText</msg>
<arg>//android.widget.FrameLayout/android.widget.LinearLayout/android.widget.FrameLayout/android.widget.LinearLayout/android.widget.FrameLayout/android.widget.FrameLayout/android.view.ViewGroup/android.view.ViewGroup/android.view.ViewGroup/android.view.ViewGroup/android.widget.FrameLayout/android.view.ViewGroup/android.view.ViewGroup/android.view.ViewGroup/android.view.ViewGroup/android.view.ViewGroup/android.view.ViewGroup/android.widget.ScrollView/android.view.ViewGroup/android.view.ViewGroup[1]/android.view.ViewGroup/android.view.ViewGroup/android.widget.EditText</arg>
<doc>Clears the text field identified by `locator`.</doc>
<status status="PASS" start="2024-04-08T17:30:21.415922" elapsed="0.604906"/>
</kw>
<kw name="Clear Text" owner="AppiumLibrary">
<msg time="2024-04-08T17:30:22.024102" level="INFO">Clear text field '//android.widget.FrameLayout/android.widget.LinearLayout/android.widget.FrameLayout/android.widget.LinearLayout/android.widget.FrameLayout/android.widget.FrameLayout/android.view.ViewGroup/android.view.ViewGroup/android.view.ViewGroup/android.view.ViewGroup/android.widget.FrameLayout/android.view.ViewGroup/android.view.ViewGroup/android.view.ViewGroup/android.view.ViewGroup/android.view.ViewGroup/android.view.ViewGroup/android.widget.ScrollView/android.view.ViewGroup/android.view.ViewGroup/android.view.ViewGroup/android.view.ViewGroup[1]/android.widget.EditText'</msg>
<msg time="2024-04-08T17:30:23.024949" level="INFO">xpath criteria: //android.widget.FrameLayout/android.widget.LinearLayout/android.widget.FrameLayout/android.widget.LinearLayout/android.widget.FrameLayout/android.widget.FrameLayout/android.view.ViewGroup/android.view.ViewGroup/android.view.ViewGroup/android.view.ViewGroup/android.widget.FrameLayout/android.view.ViewGroup/android.view.ViewGroup/android.view.ViewGroup/android.view.ViewGroup/android.view.ViewGroup/android.view.ViewGroup/android.widget.ScrollView/android.view.ViewGroup/android.view.ViewGroup/android.view.ViewGroup/android.view.ViewGroup[1]/android.widget.EditText</msg>
<arg>//android.widget.FrameLayout/android.widget.LinearLayout/android.widget.FrameLayout/android.widget.LinearLayout/android.widget.FrameLayout/android.widget.FrameLayout/android.view.ViewGroup/android.view.ViewGroup/android.view.ViewGroup/android.view.ViewGroup/android.widget.FrameLayout/android.view.ViewGroup/android.view.ViewGroup/android.view.ViewGroup/android.view.ViewGroup/android.view.ViewGroup/android.view.ViewGroup/android.widget.ScrollView/android.view.ViewGroup/android.view.ViewGroup/android.view.ViewGroup/android.view.ViewGroup[1]/android.widget.EditText</arg>
<doc>Clears the text field identified by `locator`.</doc>
<status status="PASS" start="2024-04-08T17:30:22.021512" elapsed="1.003738"/>
</kw>
<doc>Given mobile number:98765 and NRIC:A1234567B, next button should be disabled</doc>
<status status="PASS" start="2024-04-08T17:30:18.596092" elapsed="4.429849"/>
</test>
<test id="s1-t10" name="Continue with Mobile number screen - Valid mobile number but invalid NRIC" line="71">
<kw name="Input Text" owner="AppiumLibrary">
<msg time="2024-04-08T17:30:23.031554" level="INFO">Typing text '98765432' into text field '//android.widget.FrameLayout/android.widget.LinearLayout/android.widget.FrameLayout/android.widget.LinearLayout/android.widget.FrameLayout/android.widget.FrameLayout/android.view.ViewGroup/android.view.ViewGroup/android.view.ViewGroup/android.view.ViewGroup/android.widget.FrameLayout/android.view.ViewGroup/android.view.ViewGroup/android.view.ViewGroup/android.view.ViewGroup/android.view.ViewGroup/android.view.ViewGroup/android.widget.ScrollView/android.view.ViewGroup/android.view.ViewGroup[1]/android.view.ViewGroup/android.view.ViewGroup/android.widget.EditText'</msg>
<msg time="2024-04-08T17:30:23.959610" level="INFO">xpath criteria: //android.widget.FrameLayout/android.widget.LinearLayout/android.widget.FrameLayout/android.widget.LinearLayout/android.widget.FrameLayout/android.widget.FrameLayout/android.view.ViewGroup/android.view.ViewGroup/android.view.ViewGroup/android.view.ViewGroup/android.widget.FrameLayout/android.view.ViewGroup/android.view.ViewGroup/android.view.ViewGroup/android.view.ViewGroup/android.view.ViewGroup/android.view.ViewGroup/android.widget.ScrollView/android.view.ViewGroup/android.view.ViewGroup[1]/android.view.ViewGroup/android.view.ViewGroup/android.widget.EditText</msg>
<arg>//android.widget.FrameLayout/android.widget.LinearLayout/android.widget.FrameLayout/android.widget.LinearLayout/android.widget.FrameLayout/android.widget.FrameLayout/android.view.ViewGroup/android.view.ViewGroup/android.view.ViewGroup/android.view.ViewGroup/android.widget.FrameLayout/android.view.ViewGroup/android.view.ViewGroup/android.view.ViewGroup/android.view.ViewGroup/android.view.ViewGroup/android.view.ViewGroup/android.widget.ScrollView/android.view.ViewGroup/android.view.ViewGroup[1]/android.view.ViewGroup/android.view.ViewGroup/android.widget.EditText</arg>
<arg>${validPhone}</arg>
<doc>Types the given `text` into text field identified by `locator`.</doc>
<status status="PASS" start="2024-04-08T17:30:23.028156" elapsed="0.931837"/>
</kw>
<kw name="Input Text" owner="AppiumLibrary">
<msg time="2024-04-08T17:30:23.962090" level="INFO">Typing text 'S2923823Z' into text field '//android.widget.FrameLayout/android.widget.LinearLayout/android.widget.FrameLayout/android.widget.LinearLayout/android.widget.FrameLayout/android.widget.FrameLayout/android.view.ViewGroup/android.view.ViewGroup/android.view.ViewGroup/android.view.ViewGroup/android.widget.FrameLayout/android.view.ViewGroup/android.view.ViewGroup/android.view.ViewGroup/android.view.ViewGroup/android.view.ViewGroup/android.view.ViewGroup/android.widget.ScrollView/android.view.ViewGroup/android.view.ViewGroup/android.view.ViewGroup/android.view.ViewGroup[1]/android.widget.EditText'</msg>
<msg time="2024-04-08T17:30:25.027128" level="INFO">xpath criteria: //android.widget.FrameLayout/android.widget.LinearLayout/android.widget.FrameLayout/android.widget.LinearLayout/android.widget.FrameLayout/android.widget.FrameLayout/android.view.ViewGroup/android.view.ViewGroup/android.view.ViewGroup/android.view.ViewGroup/android.widget.FrameLayout/android.view.ViewGroup/android.view.ViewGroup/android.view.ViewGroup/android.view.ViewGroup/android.view.ViewGroup/android.view.ViewGroup/android.widget.ScrollView/android.view.ViewGroup/android.view.ViewGroup/android.view.ViewGroup/android.view.ViewGroup[1]/android.widget.EditText</msg>
<arg>//android.widget.FrameLayout/android.widget.LinearLayout/android.widget.FrameLayout/android.widget.LinearLayout/android.widget.FrameLayout/android.widget.FrameLayout/android.view.ViewGroup/android.view.ViewGroup/android.view.ViewGroup/android.view.ViewGroup/android.widget.FrameLayout/android.view.ViewGroup/android.view.ViewGroup/android.view.ViewGroup/android.view.ViewGroup/android.view.ViewGroup/android.view.ViewGroup/android.widget.ScrollView/android.view.ViewGroup/android.view.ViewGroup/android.view.ViewGroup/android.view.ViewGroup[1]/android.widget.EditText</arg>
<arg>${invalidIC2}</arg>
<doc>Types the given `text` into text field identified by `locator`.</doc>
<status status="PASS" start="2024-04-08T17:30:23.960345" elapsed="1.067020"/>
</kw>
<kw name="Element Should Be Enabled" owner="AppiumLibrary">
<msg time="2024-04-08T17:30:25.906654" level="INFO">Element '//android.view.ViewGroup[@content-desc='button Next']' is enabled .</msg>
<msg time="2024-04-08T17:30:25.906764" level="INFO">xpath criteria: //android.view.ViewGroup[@content-desc='button Next']</msg>
<arg>//android.view.ViewGroup[@content-desc='button Next']</arg>
<doc>Verifies that element identified with locator is enabled.</doc>
<status status="PASS" start="2024-04-08T17:30:25.027992" elapsed="0.878829"/>
</kw>
<doc>Given mobile number:98765432 and NRIC:S2923823Z, next button should be enabled</doc>
<status status="PASS" start="2024-04-08T17:30:23.026620" elapsed="2.880443"/>
</test>
<test id="s1-t11" name="Continue with Mobile number screen - Click on Next button with valid mobile number but invalid NRIC" line="77">
<kw name="Click Element" owner="AppiumLibrary">
<msg time="2024-04-08T17:30:25.909851" level="INFO">Clicking element '//android.view.ViewGroup[@content-desc='button Next']'.</msg>
<msg time="2024-04-08T17:30:26.532341" level="INFO">xpath criteria: //android.view.ViewGroup[@content-desc='button Next']</msg>
<arg>//android.view.ViewGroup[@content-desc='button Next']</arg>
<doc>Click element identified by `locator`.</doc>
<status status="PASS" start="2024-04-08T17:30:25.907983" elapsed="0.624641"/>
</kw>
<kw name="Log To Console" owner="BuiltIn">
<arg>Clicked on Next button</arg>
<doc>Logs the given message to the console.</doc>
<status status="PASS" start="2024-04-08T17:30:26.533320" elapsed="0.000471"/>
</kw>
<kw name="Wait Until Element Is Visible" owner="AppiumLibrary">
<msg time="2024-04-08T17:30:28.343835" level="INFO">xpath criteria: //android.widget.TextView[@text='Error']</msg>
<arg>//android.widget.TextView[@text='Error']</arg>
<doc>Waits until element specified with `locator` is visible.</doc>
<status status="PASS" start="2024-04-08T17:30:26.533964" elapsed="1.810147"/>
</kw>
<kw name="Element Should Be Visible" owner="AppiumLibrary">
<kw name="Capture Page Screenshot" owner="AppiumLibrary">
<msg time="2024-04-08T17:30:31.478938" level="INFO" html="true">&lt;/td&gt;&lt;/tr&gt;&lt;tr&gt;&lt;td colspan="3"&gt;&lt;img src="data:image/png;base64, iVBORw0KGgoAAAANSUhEUgAABDgAAAlgCAYAAABtGofVAAAAAXNSR0IArs4c6QAAAARzQklUCAgI
CHwIZIgAACAASURBVHic7N13fFzVnf//97lTVEaSVWy5yZ3iCqYnkFCDAduBJCw1EFrCJmR3QwIh
ySZLS6Fn8yMJCcmmANkEDCahGBMD38VOaCbEuAGmuEq2bElWHZUp9/z+GGmksdpIVrv268lDeO7M
vWfOWBrBec85n2PqGpqsAAAAAAAAPMwZ7g4AAAAAAADsLwIOAAAAAADgeQQcAAAAAADA8wg4AAAA
AACA5xFwAAAAAAAAzyPgAAAAAAAAnkfAAQAAAAAAPI+AAwAAAAAAeB4BBwAAAAAA8DwCDgAAAAAA
4HkEHAAAAAAAwPMIOAAAAAAAgOcRcAAAAAAAAM8j4AAAAAAAAJ5HwAEAAAAAADyPgAMAAAAAAHge
AQcAAAAAAPA8Ag4AAAAAAOB5BBwAAAAAAMDzCDgAAAAAAIDnEXAAAAAAAADPI+AAAAAAAACeR8AB
AAAAAAA8j4ADAAAAAAB4HgEHAAAAAADwPAIOAAAAAADgeQQcAAAAAADA8wg4AAAAAACA5xFwAAAA
AAAAzyPgAAAAAAAAnucf7g4Ag8XKSpKMTPL2vsdGZlj61iUbl4xPgfe/q8yqh2TrmxV3Hcm1UtxN
/GmN/E5cCgbVfNitik6/TrKuZEZuVhmPx+Xz+Ya7GwAAAAAOcKauocn2fhrgDYngwiguVztiVdoS
rVCV26CKWJ2iiiuogIp8IZUEijTVX6RxvvzWkMMOY9hhFSj9hYIf3S43bmVcmwgzXCtZK7na5zhx
n2390wlmqOWEXys28TxpBAU21lo1Nzdr69YtOuSQQxUIBIa7SwAAAAAOYAQcOCC0BRsfRsr1t5b3
9c/IVu2N1csnRzlOpqrjYUmSMUYB+ZTvC6kiXqsJvkIdlzldJ2Yeqkn+Ig1t0GHlq3pOGe9eI8XV
Q6Cx73HHgCPxZayV45caLmrQSAk5IpGI3nxztR55+CFdd92/ae68eXKckTvTBAAAAPCKpsZGNTY1
ydrOw3ljjLKzspSVnT0MPRteBBzwvLhcbYtW6ud1L6k8Xq2aWKOMMbLWym98ynOytDfekDw/aPwq
8uVqV6xaxhjJWvmMo3NDx2hh6EiNdfLkDPqSD6vcf05SPBxPhBZW+x1wWNdR0+V1GgkBRzwe15Yt
m/XT+/8/7d5drgnjJ+qb3/q2xo8fP9xdAwAA8JxIJCJJCgaDw9wTjARVVVV6+eX/0/Zt2+S6bqfH
HcfR5ClTdOqpp6moqGgYejh8qMHRylora62MMYlBbw+6+iFKVzrt74/KykqVlZaqIZwY0OeEcjRh
4kSNHj16QJ53sNvvC9daxeXqgboXtSK8Xj7jKGQyJanLJLMryfOs9EbzR/pzw5u6ctTJ+lzoOMlK
ziC8JhOrVebq2YrLSj4j2cQSGcUlxfqfNxobl++D3yp+6DWSJLclIidj6P8jaK1VdXW1Hl+yRLt2
7ZIkle8u1//+4RFdd91XlR0KDXmfAAAAvKq+vk5bNm+RJE2bPk25uXlD8rx9GR91xWvjEmutysrK
VFZWqsZwWNmhkCZOLNHEiRP73d+O48aBHAd+8MH7WrXyZZWXl3d7ztatWzRx4kQVFX18QJ7TKw76
gCMSiei1117V0iceV3l5uT73ufN18SWX9nj+ZZ+/pN/PN3/+fP3nd/+r39d35+01a/TMM09p/fr1
XT4+d+5cLV58ro46+uh+vbEGu/2+cmVVa5v09co/qCpWn7jP2v5PXjAmca0xerj2b3qp8R399+hL
laHAgC5ZcRrWKmPdIpkORU8TzRvJbyR/68yRuCs1xqQ+5h0Zb9+mxkOuToQzi2+V/nyzlJM5UN3v
lbVW4XCD/t9LL2rNmn8m74/FYnr77X9q+fPLde6551GPAwAAIE3l5eWqrKyQJAUzgpo5c3ADjr6O
j/blxXHJli2b9YdHHu6yzXnz5umyy7+gadOm96mfq1at1M9+en/y+Pbv/0AzZ87qUxvdCTc0qLm5
ucdzmpubFW5o6PGcA9FBG3DEYjGtXv2GnnziCW3fsT3t65qamgaxV30XjUb10EO/04q//rXH8zZs
2KANGzbozAULdMUVV6U9vW2w2+8PV1ZbY5W6p/pZVcbrU3ZI2V/WWsUl7YhV6at7HtJ9RZcqz58t
ZwBCDhOrbQ030pgB5HOk3GAi/Kjq+ZdXR05sryQrayVZKXberQq8eOeQrVqJRCJat26dlj37TBeP
RfX0X/6sQw89TPPmzRvyGT8AAABeFG4IJ283hhsH7Xn6Oz5q49Vxybq1a3XP3XeqpXUZ0L7Wr1+v
m7/3XX3zpm/riCOPTKuvVVVVevih3yePP/OZzw5YuIGeHXQBRzwe1z/fektLlz6hzZs/6vP1DSMo
BXNdV7968JdaufLllPtnz56tiSUlkqSy0lK98847ycdeWLFCkZaIvnLdV3st+DjY7feHlVVtvFF3
Vz+joAko32kvnGNklONkytdh4Ow3PuU6mSkhSND4NcqXpWbb/kvM11qro9HXvnwibhLLX/591AKF
nMz9XK5ilfXmHCmdcCP1MqkwU4q5UnVLr6fHWxLFVo1JvGJrXWnBf0orfpiYpTKIrLWqqanRir8+
r8ysLGVkZqqmpkZSYkpeTk6OgsGg/vLnpZoxY7pCoZxB7Q8AAMCBYH+Wx6djf8dHknfHJRUVFbr/
/p8kw4358+dr4cLFKioqUlVVlZYte0Zr165VSySi++//ie64826NGTOmx75aa/XwQ79XXV2dJGny
pMn6zGc+2+M1vbW3betWLV++TDU1tZISAUo43PO4NBxu0PLly7V69WpJUn7+KJ1zziJNmTr1gP6g
8aAJOKy1Wvv221q69HFt2rSp3+00NoZTjn/z29/16fqBHPS/+MKKlDf5xz9+oi6+5NJOhRx37typ
P/3xf/XGG69LklaufFmHHnqoFpx19rC23x8x6+r6qj+oOh5WvhNK7o4iJQKOmHVV57Yn237jU9y6
KecFjV+OnJT7/ManDOPv1J7Rbt1T+axuK/6X/ei1Vc7bk+Xa/fiPk9+RxmRJe3pJ7dt+WdnkvxSJ
x5Rx/a9kf3LtoIccoVC2Pn/Z5ZKkhvoG3XHHDyVJGcGgLrnk0uQv1EgkKkpxAAAADJ+BGh9J3h2X
LH9uWTKIOProY/SNG25MzviYNHmyZs+Zo/vuvVtr1qxRXV2dnl/+nC7/whU99vWVV/6u1157NXl8
1TXX7FcNunfe2ai777xDzS29f9jZUTQa044d27Wjw2yc1197TTd9+zuaM2duv/sz0h3wAYe1Vhs3
btCTS5/Qhg0bUh4rmVii8y+4QKtWvqw1a9ak1V7HKWLTp88Y8CI/69at0zNP/0Wu6+q88z7b7TSo
6upqPfqnPyaPTz75FH35K9fJ7+/8LZ0wYYK+dv3X9cDPf6a///1vkqRH//RHHXf8CSooKBiW9vsj
bl09UPui9saGbhaNlfTP+DYtqXpNFxR9rF+7q/j2LpfbGB+YDhVnS+XhHk6wkqKSCajjupSWDR8p
GG6WcrIGph9dSMzSyNWhh+ZKUnL2hpQI9komTdKhhx42aM8PAAC8q6KiQitf/j+tXv2Gtm7dmrx/
zJgxmjp1mhYuWnRAD8qG0kCPj7w6LolEInphRftylwsvuqjTcpZgMKgLL7o4+Xex4q/P66KLL+l2
2UtVVZUe+n37B+Cf/vS5+/1ze/ttt+7X9R01t7To9ttu1WNLnhiwNkeawd4Lc9hFIhE98POfpbx5
CwsLde21/6o77rpbJ530Cfn96Rc8rKuvS2lnIDWGw/rxvXdr7dq1Wr9+vX583z1qDHc9mF21aqUa
Wh8rLCzUFVde2eWbvI3f79eVV12V7HNDOJx80w9H+31lJW2NVWlF43q5A1hzI11LW/6hmBvve70P
6yrjgy8NbGfGhXqZiWElxyhq4yl3uRf+KLHN7ACw1qq5uVk1NTWqqqpSQ0O9YrFY2tdHIhE1hsOd
vpoaB29dKQAAGHkaw2E98POf6avXfVlLljyWEm5IieDjzTdX67Zbb9FXr/uytm7ZMkw9HVxNjY2q
rq4e9OUo0sCPj7w6LikrK00uTSkuLu62iOj06TOSy1JaIhHtLCvr8jxrrf7wyMOqrU0sIymZWKLz
z9+fWeDojwM+4MjIyNCiRYslSdlZWbr085fpvh//tz515gJlZGT0ub2OlWjzC/IHrJ+SFG5sVGOH
IqaNTU0KdzHgc11XL76wInm8aPGn05pJkpc3Sgtb/y6kRALZ1S/RwW6/P4ykB2pX9FoHI9+X3a96
miEnQ75u3g5WUqMT0Z2lT/Y5WvHv/IUU7+4qI2slE3CkgCMTcGQCPinobw0wengl47O73GHFyEgm
Q4pEOz0Wa2mRmvo2ta0r1lrV1tbqpRdf0J13/EjfuulG/erBB/Xee++mFXLE43FtWL9ejz++pNPX
k08u3e/+AQAAb6ioqNCtt96sl1/+v7TPv+mmG9M+3yui0ag++PBDbdm8Wdu2be39gv00kOMjL49L
alvrWUjStGnTu61LYYxJCT86zlLu6PXXX9Mrr/w9eby/S1PQPwf8EhVJ+uTJJ6u+vl5nnX3Ofi+Z
qK+vT94elTdqf7uWoqioSEcddVRyCtT8+fNVVFTU6bzt27Zp9+7dyeNjjjk27ec45phj9YdHHpYk
7d69Wzu2b9eUqVOHtP2+srL6oKVcpW61skyG1Lqja7YTVLNN3QL128WL9ODel/VhS6L/fuMo5GSo
xbYPvIPGr2wnqJCTuNaR0ffHna/fVK1UVby9Paf1OUJOpoyR3gtUqsWNKNPJSC9EsXEFS3+Uep8x
coI+RXM+pZZDfyk5QVlJe5tb9NP1W7W6qkFORpaePW12oq9bb1ZG3cOK1UdlTGqiYSblyG6vT7nP
tv47essjnWdrWClw3vcVXfHD/dpVpbExrKf+8mctW/Zs8r7XX39N77yzUd/69nd6XYYSj8f13nvv
plzfJhgMJGt4AACAA1djOKx77r6z04wNKVE4curUadq6dYsqKipUUVGR8vgDP/+ZJOnUU08bkr4O
tubmJlVW7JEkhRvDfd6OtD8Ganzk5XFJS6T9g7/MzMxO13eUldW+zLvjdW2qq6v1+9/9Nnm8cOEi
zZt3RNp9xcA5KAKOvLxRfdq7uScdl6jk5Q1s/Q3HcXTDjTdpQ+v+y3Pmzu2yKOmWLZuTtwsKCjoV
1+nJhAkTNGrUqOTUqc2bP+r0i2Sw2+87o783f6CGWPt2qY6MMkxAYbe5w1lGv9m7Sotzj9Sdzc8q
bl35jU8+OSnnRY1fmR2u/dyoY/VO805Vxhs6tZfpBpP3GWP098p3dEbx/MRMiV677ZONJ7IEK59s
wTFqOewRWSdH1hj9rbxGP1n/nhqbmuS2hhGutTp/5oxkE5Gptyui2yQ3qoxt35Fv16PqOHXDjArK
dthdxfFZyUrBtz5SV3M1wjauRKTSv4TDWqu6unq99OILnR5ramrS88uXH3B1Np5++im9+sor2r59
myRp8uQpOvGkk3TuuecNc88AAPCue+65q1O4ccEFF2rRosWdPvXeuHGDHvj5z1KCjod+91tV7hN8
9Ncpp57W684YgykWa19WHO1mq9KBNlDjIy+PSzKC7bNVmjrMou9KY4dZ9ZkZqWGItVb/+4dHVF1d
nXzeCy68MO1+YmAdFAHHQKqpbp+SFMrpvM1lNBpVPB5XRkZGv7bfCQaDOvqYY3o8Z/v29kq4hx8+
s0/PY4zRzJmzkpWFO7Y1VO33VcyNaU1kq4wxsr3UkPigZbdOyZmpT2QfpvXNpTome6qOyJysfF+2
8n1ZCrsR1cTD2hWt1d/D76siXqczcmbr1t1/UdD0/nZYWveGTh9zZFq7kQS3fC8RI+TPUuOsF2SM
Iyvpqa0V+vU722XjrTU9jBJLb6w0a9IELR6TvU9LRnKCapl2nzTtXmVt+aLMruclWWlURsr2sdb4
paZmtcS7WSriurLv7ZCZNbnX/nclHo+rfNeuLqs4x+Mxbdu2rV/tjkS7d+/Wf//4vk7bpW3e/JE2
b/5Ir77yir7+jRs0duzYYeohAADetHHjBm3cuDF5nJ2VpVtv+76mTpvW5flz5szVPffcp1tuuTm5
hCPc2KglSx4bkP7Mmj17WAMOL/PyuCQ/v73cwJYtm2Wt7bJ9a21K0NLxOklavfoNrVq1Mnl89dVf
VCjUeZyIoUHA0UfV1XuTt/Ny8xSLxbRxwwa9sfp1vbNxo3bu3ClJysnJ0axZs3XsscfqhBM+NqDr
r3bubC9sM3nKlD5fP2XKlOQbva2/Q9l+X1hZlUaqtNdt6DXcaPPX+vW6fdznlO/L7rauhiRdVfhJ
lcdq9WLDRtXFmzTan9tzX6zV9kCt6iJhjQrm9FoPJKPpUTUc84psxlQZSc1xVxf/3zuKtzTLyMo4
RtaaRMhhpUNLxskxRiXZPRV1Mmqa9htpcpNCbx4i61qZ4mxpd6LwUnTe9Yrf8Osei4n6lr4q93v9
Czh8Pp+KioqUEQwmizK18fv9mrrfs3VGjq7CjY42b/5I//3j+3TnXXcPYa8AAPC+Zc+mLlO94MKL
ug032mSHQrrtttt13Vf+NaVmHYaXl8clE0tKlBMKqSEcVkVFhTZv/kgzZhzSqY0PP/xAlZWVkqSc
UEgTJk5MPlZbW5uyNOWss87udhdMDI0DvsjoQGv74ZakPXt265abv6cf/vD7evGFF1LeNA0NDXrz
zdX6xS8e0De+cb3WrVs3YH3ouA4tt4tZJL3J6XDN7t3lQ95+X30U2SNHjvym/cvX+uVP+fLp49mH
6K7xF6nIl9NjuNFmnH+ULss/Uf8xeoEyjL9Te759njcQCKg2Fk4rPa6f/YFsxlRZKz2+tUIXv/C2
bCwi4zhyHCf5p2McZQYToYYTDKY1O0S+LIVP2C6TnStl+yUrWWMUm/1txT/ourJzm+aX3+69/W4Y
Y1RYVKjTz/iUgsFAyv0FBYU67fTT+932SPL000/1GG602bz5Iz399FND0CMAAA4c//jHm8nbY8aM
0aLFn04eN4bDem7Zs7rt1pt1z913aePG9p0+skOhlHMx/Lw8LgkEAlpw1tnJ4yWPParIPh/gtbS0
aMljjyaPF5x1tgKBxP8Dty1NqaqqkiSNHTtWF118cZ/7iIHFDI4+iEajybVVkvQ///PrtK7bu3ev
fvD923Tttf+qT525YL/7UdUhZMnopSBOVzI7FMmp3ru30+OD3X5fGBlVuQ3KdoKKy025P1E8NJo8
vjj/BF2Uf0J69TH2sSjvSM3KHK8bdz2meOv2qo4cZTsZCnUoZGocR+Foc3fNdOq9lXTfOzv0amml
jDGt9TgSbOuXMdLk4tGJaXGOL/1OG5/CR76rzHWnyMlaJ388LvPlByW355kuGXL2a6PdnJxc/csF
F6ihoUF/+9sqSVIoFNIVV1yV1j7fxhhlZmWlrIlMtJuTUsBpOL36yit9Opd6HAAApKdjYCFJxx13
fMrx73//u5RdUt58c7V+/sAvk0tIFi1arNlz5uxXH7Zu2aKHHvr9frWBBK+PSxacdbZWrnxZVVVV
WrNmje6844dauHCxRo8ercrKSj333LPJ7XSLiopSApG3/vGPlJ/Va675knJy2meEW2tVVlamsrJS
NYbDyg6FNHFiiSZOnNivUgZIDwFHHzR2sWVrMBjQyaecqqOPOkZjx45VTm6uotGoysvL9frrr+rF
F9qLMf7qVw9q8pQpOuyww/vdB9d1U5YG9Fbxtysdt39qam6W67rJYqaD3X5fWVlVxRpU7zarNt7+
9+/IyCcned/x2TN0Qf7x/Qo32kwLFut7xZ/WDTv/JCsrIyO/cVKe11hH1WrooZVUd63frn+UV8tx
nOQSG9ta5NNKskYK+v3Jx+LNTX17BcZR8xErFXJnqmH0o2p58NFeL4na+H6/8TMyMnX0McckA46M
jAwde9xxaV0bCAT0uc+dr3POPkdXXJHYMSUYDOibN31Ls2bN3s+eDYy2gqIDfS4AAEi179KUrraA
Xf3G68mZG9mhUFofqIw0W7ds0dZtW1WQX6Aj588f7u4MiANhXFJYWKj/+Nr1uueuO9UQDmvDhg3J
QKOjnFBIX7v+6yosLJQk1dXV6re//Z/k42cuWKD5Rx2VPN6yZbP+8MjDWt+6eURH8+bN02WXf2FI
dss5GLFEpQ9c19W4ceOSx0cddbTuvufHuvbaL+vY447TpMmTVVBQoOLiYh1xxBG69tov679uvkU5
Hepv/PKBBzpNfeqLfdO+dOtSpNvmYLffH1HFeuzHOH++bh77meSSlI9qd+qna/+s5njvf8+Pblmp
FTvfSu4rcmTWZJ2Xd1SP1zRH0/v+vbhzr9bsqZXjGDlGrX+axPIUk7jtM0bjOhQqCpo+zOBoYxw1
HPGuIlctUTpTM/b/OwoAAIC+eOKJx/XE40v0+OOPddr21qsOlHHJrFmzdfsPftRpNlGb4447Xrf/
4EeaOXNW8r4//emPydIFY8aM0cUXX5J8bN3atbr5e9/tMtyQpPXr1+vm731X69au3Z+Xgm4wg6MP
CgoKdO99/63XX39NG9av19XXfLHXJHHevCN07Ze/oh/fd68kqbSsVOvWrk370+59GWOUlZmppubE
MomWLnaz6E1zc/sSi+ysrE6/SAaz/b4yMgpYf7dtGBldUvAx5Tjt6exft7+ph957XseOPVwfH9f9
jAAr6eHNLyo3kK1Txx2poOOXT46+WHiqVlStVVPA7fK6oJPe2+Y3m8rkmMRMDRkjayVrrIy1sq27
prQtUWkTsV0/Z0+s68o5+79k3fSuHahUs+P3xFqrpn1mOO273VZLc0vKOfsWCBtJU/UmT56SVg2O
tnMBAED/bN2yRTr1tOTxqaee1mkWx/EnfCx5uzEc1tZtqdvLdmXqlKkpRf7fead915ZtW3u/fqCt
Xv2GJGnPnj3as2f3AbFry4E0LikpKdE3b/qWKioqVFZaqnBjWKHskCaWlHT6Xv3zrbf00osvJo+v
vvqLys3NkyRVVFTo/vt/kpx5Mn/+fC1cuFhFRUWqqqrSsmXPaO3atWqJRHT//T/RHXfefUD8LIwk
BBx9FAwGdfLJp+jkk09J+5oTTviYDj/8cG3atEmS9PbaNf0OOCSpqGi0SstKJUnN/agi3dLhjV5Y
WDTk7feFlZRvsuSXT4EOsxuMjALGp7GBUVqclzrN7wszF+jI0YfohLGz1BMj6d5jv6SQPyMltMjx
ZeqYeIlejW2VP9fZ53kd5fnSqxPhc/xyXVemdTmKMVayRtbYxCYnRgr4UuMGf1ZmcjZJOmw8Lp1z
c/fbwiZPdCWTeK6A8anvMUoqx3GUE8pJbt1bX1+vO+74Yco5sVh7n5pbmvXIIw8rO7v97y4eb9/z
3TGJ9kaKE086Ke2A48STThrk3gAAcOCYM2eusrOykh90vPnmal151dXJx6+88ipNmTJFb765WtnZ
IS1avDhlALhs2bN6/PElvT7PLbfelrKU5dZbbh7AV4E2B9q4ZMyYMT0GDvX1dSlLU8444wwdc+yx
yePlzy1TXV2dJOnoo4/RN264UcFgUJI0afJkzZ4zR/fde7fWrFmjuro6Pb/8OV3+hSv6/LrQPQKO
IWCM0XHHn5AMON5v/bO/iseOTb7R6+vr+3x925tOksZ2WHIzVO33jdUEZ5RGKUs+0x4GGBmN8mVr
ftbkTrul5ASydNL49IpPzR7V9Xapl00+RRvWb1NOZkDxQIeBt2uV709vy1/HGMlpn6mR2Okk0Xdr
ElPsCnNTB/WxSDSxxWs6sxlcK3vOzYrFoj2f5sbkyEmmJs1Bo2Bar6B7fr9fJZMmafz48dq1a5ei
0ajee++9Hvpgu61V4fM5mlgySSWTJu1nrwbOueeep1dfeaXXkGP69BkUGAUAoI9mz5mb3EmloqJC
y559JqXGxqLFn+5yt5S2HVYwchxc4xLpscce1Z49eyRJo0eP1sWXfD75WCQS0Qsr/po8vvCii5Lh
RptgMKgLL7pYa9askSSt+OvzuujiSzqdh/6jBscQ6ZgEdtzPuT8mTJiQvL1tW98LHHa8Zvz48UPe
fl9NcgpVFW/Qnlht8qsiVqvKWL0m+PN7b6AfDsmZoIiJa1dlucrDldoTq9XuaI3Kw1XK8WeltQYw
NCovUXcjWXujw205cmQ6F1+NR3sPN6yVff09Rc/8du/hRiyi5HSN1j5nLOj/7KGO8vLydM0Xv6TC
wkJlZWYqGAykfLVtodUmEAh0Oic7K0tTp07XV7/6bwPSp4H09W/coOnTZ3T7+PTpM/T1b9wwhD0C
AODAsGjx4pTjJx5f0ml3lX01hsO69dabFe6i6D+Gz8E0Lnl7zRqt+Gt7gHHVVddo1KhRyeOystLk
0pTi4uJui4hOnz4jOTZsiUS0s2z/xoZIxQyOIRLwtw/2IpFoYkvQftYcmDS5fdbBpk3v9akta63e
f799BsnkKZ3rBwx2+31hZDQ+I19jGkKq8zV1ChbqGur0auOG5LmO48i1butshUSf/canmNzkDAZH
Rj7jU9R0WCIho4DjU8S2LqswRkGfX1EbV6yuWf48yZ8Z1OSGUcqdlJ2YndGLswsy9Of69uUp1rZv
E2tMYp+WfV+Pa6X365p1eF7n2i7WWjktUZnzf9jrFD1rXdlosyRHcpTYE6a14Id73sf2Y6+Zdn6/
X3PnztPd99yrrVu36qOPUmc7NDc16cknl0pKhBunnnaaxowpTj7uOI5mzpypSSWTlJWdPQA9Glhj
x47VnXfdraeffkqvvvJKcgbK5MlTdOJJJzFzAwCAfpozZ66OPfa45CyOcGOjbrv1Fl144UVauHBR
Su0MKbG17AM//1lKcc7srKyUWR4VFRVd7sDSlTFjxujUDnU/iovH7s/LOagdLOOShob6lKUpp556
WqeSA7U1tcnb06ZN776GoDGaNm168ue5pqam3/1CZwQcQ6S2tv0Ht6ioqNsf+HXr1umZp/8iyd/7
UQAAIABJREFU13V13nmf1RFHHtnpnBkdPlWura1VWVmZSkpK0upHWVmZamvb33zTu0gWB7v9vgoE
MjTfTNCHtnPF6V/XrlL4g91ym6NyHEfZvkyFbbOM40gmsc1rTiBLdbZJUmLJSMDxq8AfUoVbL+MY
yUh+49foQK52x+sS3xvHyDGOCgM5kivFGlpkjKNzM4+S3x/o3MkunDupUE/tqJJMYmtY27pOpS3T
6G4SyLKqlpSAw7pWprlFgcvuVWNtffcXtoo01so4PjnGSU4Gadv21jVGmlLc4/V9YYxRbm6e5s07
QvPmHZHyWE1NTXvA4ffrk588OaX6tFece+55hBkAAAywf/u3f9ctt9ysbR0Khi5Z8piWLHlMc+bM
0dSp07R16xbt2bOny11Hrrz6mpSQYuPGDX0KOC648KL9fxH7qK9PLIdoKzh5MDhYxiVLHntM5eXl
khJby176+cs6jedaIu1FUHvbiCIrq70uXcfrsP8IOPogEono9ddf0xuvv67rv/6NTlPwe/Luu+8m
b3c37b0xHNaP7707WXTpow8/1AO/eLBTij1p8mRNmDBBO3fulCS99dY/0n6jv/XWP5K3J0yYkJKK
DlX7feXzOTouMF1PxtZKMpJJzIRwjJE/M6jcw8ap8cM9si1xOcaRz/gS5ziJWQKO48hxE4GHHMnn
ODKOk6jdYRIBh+M4iWudtvtM4jzjyHF8iaUl1S06euphnZeVdMMao4xgUNFoNFlU1LbV37BGtpsN
W3fU1suEMxVftU7BZ1Yr9kGpIm5ckW5yDWOMIi2NirY0yDGJYEPWypWVr7XWh1wrOVJGdsaI2q0E
AAAcnLJDId30rW/r7rvuTAk5JGnjxo3auHFjN1dK133131LCja489PvfKRRKr27aQCgrK9PfVq2U
JJ1+xqdUXDxwHyiNZAfDuGTdunV6/vnlyeOrrr5G+fmdl8lnBNt3ddx3N8F9NXZYapWZ0XMYgr6h
BkeaampqdNM3b9DPfnq/3nxztZ555um0ry0tLdWq1l94kjR37twuzws3NqZsndnY1NTlOkNjjM48
c0Hy+Lllz6qurrbTefuqq6tNKcx05pkLuhzsDnb7feUYR9Nzx+n0yKEaG8hXsT9PY/2jNNqXq2J/
nsaFijR1zmEqys1XQSCkgkCOCgM5KgjkqjCQqwJfjgpbbxcFclXoz1WhP6Qif66K/LkaHchTkT9X
BYEcFQXyNDqQpzHBPBUF8lQUyNWYYJ5G+3K1ODpbeaGctJd3OJK+MC0xW8cxJvmno9bb3QQlruvq
5fUf6bUv36i3/99y7a7ZrZZIs+JuTHE3pmisRY2NdareW6aqim2qqSpVc2NtooiptWr7R21f1pVk
ZY0r89Rt6RUwBQAAGGRjxozRbbfdroULF6V1/pQpU3X33ff2Gm5I0tatW5NBSU9hyUBZtfJlPfnk
Uj355FK99tqrg/58I8WBPi4Jhxv029/8Onl88smn6PjjT+jy3I6hx5Ytm7ut2Wet1ZYtm7u8DvuP
gCNN+fn5mjlzZvL40T/9US+s+GuvxSbr6+v04C8fSB77fI6OPe74Ls8tKirSUUcdlTyeP3++ioq6
3s7oE588WXl5ielv1dXVevihh1K25dxXLBbT73/3O1VXV0tKFIj85Mknd3v+YLffVxkZWfpUYLbK
W6q1O1ar8miN9sTqVB6tSdy29WqaGlJtIKK98QZVuQ2qiie+9rphVcbrVeXWq7L1sb1uoyrcelXa
elW0PrbXDasiXq8Kt157YnXJ+yvi9WpqbNL5005RMNC3CscfH52rYGbmPsVGHflaw47uPJWZp/zD
D1NzpFk795Zpe/kH2rbzfZWWf6g9ldtUV1+hWDyS/EVtZeVaNxFpJP/VdjvRZuaovMSuLkOk4zaw
ib70XpgVAAAcXLJDIV151dX6+QO/1AUXXKgpU6amPD5lylSdeuppuuXW23TPvfdp6rRpw9TTnm3a
1L6b3Du9FEw90BzI45InHn88OXukoKBAn7/s8m6DkoklJcppnTVUUVHR7W58H374gSorKyVJOaGQ
Jkyc2K++oWssUemDSz9/md57773kD/mvf/0rbdq0SYsXf1pTpk5N+WGPRqNav26d/vi/f9D2HduT
9198yee73VvZcRzdcONN2rB+vSRpzty53X7KP2rUKF166ef1y1/+QpK0atVKRaNRXXTxJSnVhiVp
586d+uP//kGrV7/R/lou/bzy8kapO4Pdfl/5HEczCido0Ycz9NzozV2e4/gd5cwoVnhzi9xIXMaY
RI0Nx8jY1qUtrTU3ko+1zqaQMTLGab1PiWucxJ+KWf2Lna+8/FH9Sn6vP2S0fvzuzsQA3yRCB2sk
07obbFfj/rjraudD92rC4qvVUlOnuDVy5MrKJFabtF7nGisnMXWjtYiqK2sTxUtNx2UqRrKPfbfP
fe+vpsZGvfjCivbXE4/r3Xff1eGHz0x7iQ8AADh4tNXFGIzaGEOtpeXgqqlwoI5LNmxYr2UdZoFc
ceVVKigo6Pb8QCCgBWednaxBt+SxR3XDjTelbAHb0tKiJY89mjxecNbZfSp7gN4RcPRBXt4o3fjN
b+mOH/0gWexo1aqVWrVqpcaNG6fp02coMzNDdXX1eu/dd9QQDqdcf8IJH9PiLvb07igYDOroY45J
qz+nnX6GPvjgfb300kuSpNdee1WvvfaqDj/8cE2aPFnWWpXu2KFNmzalXHf66afrtNPPGPb2+yor
K1vnj/+E/rGnVJX5XW+Panw+ZU0pUvOOarnReCLMcIzkmtTwwhjJtgUeJlmfQ27r463BiM84+ni4
ROfMOlEZfZy90eaQ3EyNGpWvurqa1loctjVwkVy3+0rQy3bV6J43H9eH889XpLGxtVCplTU2sUuK
JGsdua6Vz2l9rLX91rKmMq3LVLLOPUk2Y2h+eba0tOjFl17U0qVPtN8XiegvTy7V6NGjdfLJpwxJ
PwAAwMFjzpy5WvL40uHuxkHrQBuXNIbD+u3/tO+actJJn9DHP35ir9ctOOtsrVz5sqqqqrRmzRrd
eccPtXDhYo0ePVqVlZV67rlntWFDYoZPUVGRFpx1dq9t+v3+Hmes9JXff2BHAAf2qxsEJSUluvW2
7+t/fv2g1qxZk7y/vLw8WVm3K+ed9xmd/y8XyOfzDVhfjDG6+povKRjM0PLlzyXv37RpU6c3d5uz
zz5Hl3/hirRmIgx2+31lZFRYUKj/bFykW+qfllNopHgX5/l9yiwpUPPOGpmYUmZuyLTN2FBy5kb7
4yYl3DDG0YzaPF096Uzl5ObsR7+lHx5WoBvWNisaTeyNbY0ra6VoPK5gN79krIy+826F7lqzVFs/
cbmaKqtkrJVjrVxjE4VW5Uoyybob1royxiQmdLSuT8kzGYp844J+97+vmpqa9MSSxzrdH4lG9MzT
TxNwAACAA86oUe11FMaO7bztbE4opIZwWH6/v9MOG35/+/jA18X/F2ZlZ6mmJrHcIhAcmZ/2H2jj
kqVLn1BpWamkxBKXyy7/QlrtFBYW6j++dr3uuetONYTD2rBhQzLQ6CgnFNLXrv+6CgsLe21zzpw5
Wrt2bZ9fQ0/tHch83/nP79063J0Ybq++8op27iyTJM2aNVtz583r8fxQKKSTTvqEZsw4RC0tLckl
K1054YSP6Ytf+pLO+NSZg5KW+Xw+HXXU0TrssMNVX1/XbchyxBFH6JprvqRzFi7qU8gy2O33leM4
CmVla1Z9kUqbKxXNNso0QWX7MpTtBDXKly2f8Sk7kKFQbq6CzVKuyZQxRlm+DGX5MhTyZSo/kC3r
GGX5MxLX+jJUGMiRdaQsf+KcI+qKdHnxqZo0oUR+3/597xxjdFpxSC/uqW/NWYxMstho978s3Xhc
bzXGdd43L1PmmCLVvfxGa5FSp7WGh9NavNSRbKK+R2KPmUSND5/PJ7PqJ+2zV4ZAU1OT/vznJzvd
b60Uj8d03mc+O2R9AQAAGArGGNXX12n8+PE66+xzOu2iUlNTI5/P0YwZh+gTn/ykMjrsnGGMUWNj
owKBoEaPGd2pBl8gEFBLS4syM7M0fsKEIdkdpq/jI+nAGZe8885G/erBXyaP//XLX0mpxdibMWPG
6Jhjj9PevXuTf4cdHXfc8fqPr329250195WXN0pbNm9WuDG8XzXtfD6fJk6YqAsuuEjjxo3rdzsj
nalraKLy336qr6/Tzp07VVNTo0gkomAwqPz8fE2cOFE5OblD2peqqiqVlZWpoaFexhiFQjmaOHFi
t8VKR1r76WpqbtLWsu36TXiV3imoluNzJBnlOlmqc9t3nvG5RsE9Ee2N1CVrbgSdgAoCIe2J1ycH
/n7HrzHBPO2O18nGXX2sfqKunHSGJo0vGdB1cbWRuP5rfZnUts+JlXxphA+T8nJ14yEFsq7VnkX/
rvqtO+QzjvzG11q01JHP8SW2tDU+GcdRwO9X6JVfDmlhUSmxR/l3vn1TsnhSG8cxmjJlqu66+94h
7Q8AAMBQKN2xQ8GMjC63iG1ublZp6Q4VFxd3WQ8iEomoublJoVBOl4PypqYmuW5coVD/ZxUPtYNl
XNKTiooKlZWWKtwYVig7pIklJd3WY+yO67pa+/bbWrv2bdXU1HQq5J8On8+n/Px8HXnkfB05f/4B
XROPgAOe1RKJqGLPbj21+w29lL9VsWyjHCdLtfH2gMNvfMpTpnbt2ikbSyzfCDh+FQZytMetT5zk
GAV8fo3x5ylcX6/PRufpjGnHa/SY0fs9c6MrrrX65obdirUtV7Hd1+HoKCszUz+aNSYxcyMe185F
/65Y6e5EuGFaww3HkWMc5fuzZF57QM4/P5Qq6uQePUP+bZWKH3/ogL+efTU3N2vZsmf1+JJH5brt
v16ys7J07Ze/ohNPPGnQ+wAAAAAcSOLxuOrr6/tVj8Pv9ys3N3dQZ9qPFAQc8DTXdVVdU61du3fp
kZq/q3R8RHUZ0dbZETYRcDhZqorWKVrRIBt3FfQFVeAPaU+8LpFe+owCTdI5zYdpwdijVTxunEbl
5g1qv62k+z7cq9K6BvXlDegPBPT9WWOV7Xdat2ORYh/tUMvDy9X47N+UaXzKPOckBX7wpURNkWhc
1lrFf/Wc7KYdCvz0q4P1klI0Nzdr+fLn9OILK1RTU6NxY8fpnIUL9akO+5gDAAAAwEAi4MABIRKN
aG91tfZU7tHbDVv1su9D7cxrUjA7Q/nBHFXFG6S4q0h1owKuo3xlaVfjXh3WUqizMubq8IJJKi4q
VkF+wZBVFraSqiNx3bFpj6LRaPpBh7U6JD9H/z5jn+l3bWtehnhJCgAAAACMBAQcOGBYaxWJRhVu
DCtcX6+qhlrVRhvU7EZV7zYrLld+axRShnL9WcoLhlSYl6+c3FxlZ4cUGKYtk6yVGuKubt9cp1i4
Vq5NM6CwVkVZmfrurGL5BmHXGgAAAADwEgIOHJBc11UsHlc8FlPcjSsed+W6rhzHkd+fqFfh9/vk
9/kHZUvb/rCSZK22NcX0/yrDWr+3QcbvlxuNJup0OI58/oAUi+qE4jx9ojBL4zMDGhm9BwAAAIDh
RcABAAAAAAA878DdHwYAAAAAABw0CDgAAAAAAIDnEXAAAAAAAADPI+AAAAAAAACeR8ABAAAAAAA8
j4ADAAAAAAB4HgEHAAAAAADwPAIOAAAAAADgeQQcAAAAAADA88zZ5yy0w90JAAAAAACA/cEMDgAA
AAAA4HkEHAAAAAAAwPMIOAAAAAAAgOcRcAAAAAAAAM8j4AAAAAAAAJ5HwAEAAAAAADyPgAMAAAAA
AHgeAQcAAAAAAPA8Ag4AAAAAAOB5BBwAAAAAAMDzCDgAAAAAAIDnEXAAAAAAAADPI+AAAAAAAACe
R8ABAAAAAAA8j4ADAAAAAAB4HgEHAAAAAADwPAIOAAAAAADgeQQcAAAAAADA8wg4AAAAAACA5xFw
AAAAAAAAzyPgAAAAAAAAnkfAAQAAAAAAPI+AAwAAAAAAeB4BBwAAAAAA8DwCDgAAAAAA4HkEHAAA
AAAAwPMIOAAAAAAAgOcRcAAAAAAAAM8j4AAAAAAAAJ5HwAEAAAAAADyPgAMAAAAAAHgeAQcAAAAA
APA8Ag4AAAAAAOB5BBwAAAAAAMDzCDgAAAAAAIDnEXAAAAAAAADPI+AAAAAAAACeR8ABAAAAAAA8
j4ADAAAAAAB4HgEHAAAAAADwPAIOAAAAAADgeQQcAAAAAADA8wg4AAAAAACA5xFwAAAAAAAAzyPg
AAAAAAAAnkfAAQAAAAAAPI+AAwAAAAAAeB4BBwAAAAAA8DwCDgAAAAAA4HkEHAAAAAAAwPMIOAAA
AAAAgOcRcAAAAAAAAM8j4AAAAAAAAJ5HwAEAAAAAADyPgAMAAAAAAHgeAQcAAAAAAPA8Ag4AAAAA
AOB5BBwAAAAAAMDzCDgAAAAAAIDnEXAAAAAAAADPI+AAAAAAAACeR8ABAAAAAAA8j4ADAAAAAAB4
HgEHAAAAAADwPAIOAAAAAADgeQQcAAAAAADA8wg4AAAAAACA5xFwAAAAAAAAzyPgAAAAAAAAnkfA
AQAAAAAAPI+AAwAAAAAAeB4BBwAAAAAA8DwCDgAAAAAA4HkEHAAAAAAAwPMIOAAAAAAAgOcRcAAA
AAAAAM8j4AAAAAAAAJ5HwAEAAAAAADyPgAMAAAAAAHgeAQcAAAAAAPA8Ag4AAAAAAOB5BBwAAAAA
AMDzCDgAAAAAAIDnEXAAAAAAAADPI+AAAAAAAACeR8ABAAAAAAA8zz/cHUD/ua6r0p2VKt9dJRmj
ccWFKpkwWo5DbgUAAAAAOLgQcHiU67p69/3t2l1Rnbzvwy1lkqTJJcXD1S0AAAAAAIYFH/V7UFfh
RpvyPXuHoUcAAAAAAAwvAg6P6SnckCRZO7QdAgAAAABgBCDg8JBeww1J48YWDWGPAAAAAAAYGQg4
PCKtcGNMgUomjB7CXgEAAAAAMDJQZNQD0go3igs089DJ7KACAAAAADgoEXCMcOmFG4Waeegkwg0A
AAAAwEGLgGMESyfcGF9cqMMJNwAAAAAABzkCjhEqrXBjbKEOP4RwAwAAAAAAAo4RKJ1wY8LYQh1G
uAEAAAAAgCQCjhEnvXCjSIcdUkK4AQAAAABAKwKOESStcGNckQ6fUSJDuAEAAAAAQBKj5BGCcAMA
AAAAgP5jBscIkE64MXH8aB02vUTGMUPYMwAAAAAAvIGpAMOMcAMAAAAAgP3HDI5hVrqzssdwo2T8
aB06o0TGEG4AAAAAANAdAo5hVr67qtvHSiaM1qHTCTcAAAAAAOgNS1RGNIINAAAAAADSQcAxzMaN
Ler2sdKdFfrgo1JZa4ewRwAAAAAAeA8BxzArmTBaY8cUdPt46a7KRMjhEnIAAAAAANAdAo5h5jiO
Zh02udeQ4/3NhBwAAAAAAHSHgGMESCfkKNtVqfc/2iHrukPYMwAAAAAAvIGAY4RIK+Qor9Kmj0oJ
OQAAAAAA2AcBxwiSTsixs7xKmz4slUvIAQAAAABAEgHHCJNWyLG7Su9/uIOQAwAAAACAVgQcI1B6
IcdebSLkAAAAAABAEgHHiJVOyLFr915t+oCQAwAAAAAAAo4RLK2QY89evUfIAQAAAAA4yBFwjHDp
hBzle/bqvQ+2E3IAAAAAAA5aBBwekF7IUa333ifkAAAAAAAcnAg4PCKtkKOiWqU7K4ewVwAAAAAA
jAwEHB6S7nIVAAAAAAAONgQcHtNryGHt0HYIAAAAAIARgIDDg3oKOcaNLRqGHgEAAAAAMLz8w90B
9E9byJGbk63y3VWSEuFGyYTRw9wzAAAAAACGHgGHhzmOo8klxZpcUjzcXQEAAAAAYFixRAUAAAAA
AHgeAQcAAAAAAPA8Ag4AAAAAAOB5BBwAAAAAAMDzCDgAAAAAAIDnEXAAAAAAAADPI+AAAAAAAACe
R8ABAAAAAAA8j4ADAAAAAAB4HgEHAAAAAADwPAIOAAAAAADgeQQcAAAAAADA8wg4AAAAAACA5xFw
AAAAAAAAzyPgAAAAAAAAnkfAAQAAAAAAPI+AAwAAAAAAeB4BBwAAAAAA8DwCDgAAAAAA4HkEHAAA
AAAAwPMIOAAAAAAAgOcRcAAAAAAAAM8j4AAAAAAAAJ5HwAEAAAAAADyPgAMAAAAAAHgeAQcAAAAA
APA8Ag4AAAAAAOB5BBwAAAAAAMDzCDgAAAAAAIDnEXAAAAAAAADPI+AAAAAAAACeR8ABAAAAAAA8
j4ADAAAAAAB4HgEHAAAAAADwPAIOAAAAAADgeQQcAAAAAADA8wg4AAAAAACA5xFwAAAAAAAAzyPg
AAAAAAAAnkfAAQAAAAAAPI+AAwAAAAAAeB4BBwAAAAAA8DwCDgAAAAAA4HkEHAAAAAAAwPMIOAAA
AAAAgOcRcAAAAAAAAM8j4AAAAAAAAJ5HwAEAAAAAADyPgAMAAAAAAHgeAQcAAAAAAPA8Ag4AAAAA
AOB5BBwAAAAAAMDzCDgAAAAAAIDnEXAAAAAAAADPI+AAAAAAAACeR8ABAAAAAAA8j4ADAAAAAAB4
HgEHAAAAAADwPAIOAAAAAADgeQQcAAAAAADA8wg4AAAAAACA5xFwAAAAAAAAzyPgAAAAAAAAnkfA
AQAAAAAAPI+AAwAAAAAAeB4BBwAAAAAA8DwCDgAAAAAA4HkEHAAAAAAAwPMIOAAAAAAAgOcRcAAA
AAAAAM8j4AAAAAAAAJ5HwAEAAAAAADyPgAMAAAAAAHgeAQcAAAAAAPA8Ag4AAAAAAOB5BBwAAAAA
AMDzCDgAAAAAAIDnEXAAAAAAAADPI+AAAAAAAACeR8ABAAAAAAA8j4ADAAAAAAB4HgEHAAAAAADw
PAIOAAAAAADgeQQcAAAAAADA8wg4AAAAAACA5xFwAAAAAAAAzyPgAAAAAAAAnkfAAQAAAAAAPI+A
AwAAAAAAeB4BBwAAAAAA8DwCDgAAAAAA4HkEHAAAAAAAwPMIOAAAAAAAgOcRcAAAAAAAAM8j4AAA
AAAAAJ5HwAEAAAAAADyPgAMAAAAAAHgeAQcAAAAAAPA8Ag4AAAAAAOB5BBwAAAAAAMDzCDgAAAAA
AIDnEXAAAAAAAADPI+AAAAAAAACeR8ABAAAAAAA8j4ADAAAAAAB4HgEHAAAAAADwPAIOAAAAAADg
eQQcAAAAAADA8wg4AAAAAACA5xFwAAAAAAAAzyPgAAAAAAAAnkfAAQAAAAAAPI+AAwAAAAAAeB4B
BwAAAAAA8DwCDgAAAAAA4HkEHAAAAAAAwPMIOAAAAAAAgOcRcAAAAAAAAM8j4AAAAAAAAJ5HwAEA
AAAAADyPgAMAAAAAAHgeAQcAAAAAAPA8Ag4AAAAAAOB5BBwAAAAAAMDzCDgAAAAAAIDnEXAAAAAA
AADPI+AAAAAAAACeR8ABAAAAAAA8j4AD+P/Zu8/utrE03fsXCeYclSUrOFXZ1dU1M6fXs9Z8gZn5
4LPWmZrT1V3ddtmyrZwpUaIo5oDnhdrVsq0AgEEE+f+9tAkSYgA2Lux93wAAAAAA1yPgAAAAAAAA
rkfAAQAAAAAAXI+AAwAAAAAAuB4BBwAAAAAAcD0CDgAAAAAA4HoEHAAAAAAAwPUIOAAAAAAAgOsR
cAAAAAAAANcj4AAAAAAAAK5HwAEAAAAAAFyPgAMAAAAAALgeAQcAAAAAAHA9Ag4AAAAAAOB6BBwA
AAAAAMD1CDgAAAAAAIDrEXAAAAAAAADXI+AAAAAAAACuR8ABAAAAAABcj4ADAAAAAAC4HgEHAAAA
AABwPQIOAAAAAADgegQcAAAAAADA9Qg4AAAAAACA6xFwAAAAAAAA1yPgAAAAAAAArkfAAQAAAAAA
XI+AAwAAAAAAuB4BBwAAAAAAcD0CDgAAAAAA4HoEHAAAAAAAwPUIOAAAAAAAgOsRcAAAAAAAANcj
4AAAAAAAAK5HwAEAAAAAAFyPgAMAAAAAALgeAQcAAAAAAHA9Ag4AAAAAAOB6BBwAAAAAAMD1CDgA
AAAAAIDrEXAAAAAAAADXI+AAAAAAAACuR8ABAAAAAABcj4ADAAAAAAC4HgEHAAAAAABwPQIOAAAA
AADgegQcAAAAAADA9XyPvQMA3K3Vaqt0WVG1Wler3ZFheBUKBZSMRxUOBx979wDcg98vgGHimANg
0Ag4ADjS7Xa1u1/Q9u6x2p3OrY+Zm8lq9cmsAgH/kPcOwH34/QIYJo45AIbF8x//+V/mY+8EAHfp
dLp6+25LhWLpwcdGwkH98fWaQiHuzACjgN8vgGHimANgmKjBAcC2ze1DSwMVSarWGnrzfltmtzvg
vQJgBb9fAMPEMQfAMLFEBYAttVpDO/sntrYpXVZ0WrxUPpca0F4BsGKcfr+NRlONZsvy4w3DUDQS
GuAeAf3n9u/5oI45bn9fAAwOAQcAW85LZUfbnY3gBRIwacbp91s4K2n9057lx0/lUnr93coA9wjo
P7d/zwd1zHH7+wJgcAg4xkC321Wn05U8ktfjkeH1Sh7PY+8WxlS93nS0XaVa7/OeALCL3y+AYeKY
A2DYCDhcpFZr6KpSU6Va11WlpvJVTc1mS52v1in6DK8i4ZAikaBikbBisbDisYj8fj5uPCbqGQPu
xe8XwDBxzAHgDFe8I65Wq+u0eKmTwoVK5Yqlbdqdri6vqrq8qko6//3f85mkpvJpZTMJ+XzGgPYY
j2Vn91jbe8eWHz89ldbztUXbrxMKBmxvI0kR1r4Cj27Qv99hHYcAuANjBgDDRsAxoq6uato7LOjg
6Kxvz1kollQolhTw+7Q4n9fcTI5ZHWPENE212rf3lr9Nt+vs7kg6FXe0XS6TdLQdgP4Z9O93WMch
AO7AmAHAsNEmdsQ0my29W9/R//zyrq/hxhev0Wrr09ah/ufPv+ng6EymyQAT1oXDQT1ZmLK1TSoZ
Y7ACjAB+vwCGiWMOgGEj4BgVpqnC6YV+/uW9Do4HE2x8rdFs692HHf3t7YbjIlCYTCuBIvyfAAAg
AElEQVRPZjVlsaNCLBLSqxdP5PFS+BYYBfx+AQwTxxwAw8T6hBFgdrv6tHVou094v5wWL3VVWder
F8tKJmOPsg9wF6/Xq1cvnigZj2p771jNVvvWxy3M5rTyZJalUMAI4fcLYJg45gAYJo4gj6zT6ejd
h10dF84ffvAA1Rst/fK3j/rh+xVlmRYICzxerxYXpjQ7k9XlZUWVWl3tdkeG16tQKKBkIqqgw+Ji
AAaL3y+AYeKYA2BYCDgeUbfb1Zt3WzotXj72rkiSuqapX99u6g/fryqbSTz27sAlfD5DmUxCGfGd
AdyG3y+AYeKYA2DQqMHxSEzT1MeN/ZEJNz4zTVNv3m3p6qr62LsCAAAAAIBlBByPZO+goL3D08fe
jVu1Ox29fb+tto1WfwAAAAAAPCaWqDyCq0pNHzcPHns37nVVrWtz+1DP1hYG9hqNRlO1WkPVekON
RkudTkftdlcez/UURsMwFAoFFA4FFQkHB1J0qt1u2wpyvF6vAgH/nf/f7XZVqdRVqzfUbLXV6XQl
SYbhVTDgVygYUDQaktfbW7bYbnfUbn9ZpKvVsRdIdTpd1euNO///vr+13+/bIJ5zWJ/FTY1G01bb
Zb/fJ8MwHL2W2TXVaNrrfhQMBuTx9LcyfafTuf4d1xqq1ZtqtzvqdDrqdk0ZhleGYSgQ8CkSDioc
CiocCkh93germs2Wut2u5ccbhmH7uHPdkcpe6227n8ttv387z9+v39pjH4f6zTRNVat11epNNZpN
dTpdmab5+z6EggHFIiEZPme/2X7r9zGz2Wxd//2N699xt9OV1/DK9/u5OKBQsD+/3263q2q1rmrt
8/G5I4888t44PkciQcfHx34ZhXFKv7VabZWvqqrWGmo0mmr/43vu9xny+XyKRoKKRkIKh4J9O1YP
YswwCtx0/gMmyegficeM2b1emmLnIuhrHo9HuUxCuUxSkXBQPr9Pfp+hbtdUu91WtdbQRelKRyfn
atscbN60e1DQVD6tZCLq+Dm+dlWpqVi8VOHsQqWyvWUw2XRC+WxS2Uyib4Wojk7Otf5pz/Ljp3Ip
vf5u5Yt/M03zH+93UYXT0oPvueH1ajqf0lQ+rXQq7uiCs3B6od8+7Nje7qbjwvm9xW1v+1s/68f7
NojnfIzP4qZf326qbGN5108/PFU6FXf0Wo1mU//981tb2/z7n14rGOx90Nhud3R2fqmzYkmF05I6
NkKDaDioqXxa2UxCiVhkqIO9k8KF1jesf8fmZrJ6+WzJ8uPb7bb+++c3tvfrTz+9UCwWsfz4/cNT
fdqyFpKHQwH9f//2/Rf/1q/f72Mfh/rCNHV5VdVx4VwnhQs1mq17H+7xeDSVTWp6KqNsOvGorSz7
8Tl22h0Vzko6OimqeFF+8Dni0bCm8mlN51MKhYL2dtg0Vbqs6Pj0QscnRbUeuOD9/F7ncyllM0kZ
xnAmHY/aOKUfTNPU+UVZB0dnKpyVLI1B47GIZqcymsqneg4bBjFmeCxuPf8Bk4SAY8iOC+eWBhF3
WZrPa3F++p6LlIBisYim8mmtLs/p8PhMWztHDw4k7rK1c6QfX632dhA2TZ2XrrR3UFDhrOT4ac7O
L3V2fimPx6P5mazmZnOKRcPO96sPLkpX2tg60MVlxfI2nW5XB8dFHRwXlUpEtbYy39cQaVLxWQxe
s9nS4XFRu/snd7b5e0il1tDmzpE2d46UScW1OD+lbDo+lIGe3c/2onRl6/FXVzVbj/+sfFWzFXDY
CdFymWTfZ+2Mi6tKTZvbh7bOS6ZpXl+gn14oHg3r6eq845DyMZmmqeOTc21uH6rWsD4TrFypqVyp
aWP7UPOzOS0vTlu6+C2Xq9rYPtTZufW6Yzff61DQr9Uns5rOZwYTKo3xOKV8VdXHjX2d2zyela+q
Kl9df27Li9Oam83JNyKzlx6D289/wCQh4Bgis9vVzt6xo20j4aBev1y2NQj2+Qwtzk8pl0nq3Ycd
2yc36fpkXbqsKJmM2d5Wkur1hj5tHfa1Da5pmto7PNXe4amWF6e1tDA99JNut9vV9u6xNneOenqe
i8uK/t9f1/V0eU6LC1NciDjAZzF4pmnq5PRCHzf2H7zDbUfxoqziRVnTuZTWVubs3xG2KRYNK+D3
WR6cVmsNNZsty3cvLx0WZy5dVjQ7k7X02M+zlKxKOTx2jzPTNLV/cKoPm73NpixXavrlbx+1vDij
laVpefq43G2QWq223n/c1cnphePnME3zOgw4PdeLp0vKZW9vL9/9x7hnY7u343O90dLb9R0dFy70
8tliX2dHjOs4Raap/aMzrX/a6+l73u509HHrQMeFc333fMnWOHQcjMv5D5gk7jgbj4nT4qWuqnXb
2yViEf3x9VPHJ5VwOKgfvl+5TokdODwuOtrupHCu//nzu74OGr62tXus//3Le1t3NHvV7Xb17sNu
zxfUN33cOtCHHpcuTSI+i8HrdDr6bX1bb95t9XVwd9Px6YV+/uW9zgbcVcrj9dx5IXaXau3u+hBf
K5Wszx666ez80vL3rd5o2rp7mIgzI+mmz8tE1zd6u+i7aWv3SO8/7tqq7/JYGo2Wfn3zqadw44vn
a7b169sN7e0Xvvm/VrutN++2eg43bjo7v9Sff/2oSsXZbKmvjes4RaapzZ3r72W/vuflSk3/+5d1
Ffr03XGDcTr/AZOEgGOI9g6+HQA8JBjw6fX3KwqFertb4fP59N3zJ9cFjmw6PCmqaePAbpqmtneO
9Pd3W2p3Bj/gq9Ya+uXXDzo9G85J99PmgY5OnIU+99k7KGhz+7DvzzvO+CwGq9ls6dc3Gzo6Gdzg
/7NWu6O/vvmkgwF3l7K7nKBiMZTudruOlx82mi3VLAYp1ar1wCUZj/al5so42dw51K6Dc/FDDo6L
13VRRjgYbbc7evt+y3ZdCSvWN/Z0eHT2xWv9/e1mT8s97lKrN/TXN58s/2ZuM+7jlMPjYl+D/8+6
pqm//bapkwEGQqNiHM9/wKQg4BiSer3haInIi6dL11XL+yAQ8Ou5g64odqdEb+8e69OQLw7bna5+
fbup02L/B1M3nZ6VBjI4/mxr93hoAyC347MYrHa7o7//tunouNWLdx93dTyA0OqzRNzeTLgri3dd
ryo1W8Xmvla2eEe6UrV+5zqbSTjdnbFUPL/U1q6zZaJW7O4XdDzCd7eLF+WB/p5/+7Cjy3JFpmk6
XhZrVb3R0tv3W793x7JrnMcplUpNH2wUU3bizfttlWzUu3KbcT3/AZOCGhxD4uQgOZ1P255O/ZBs
OqHnq/O2BwVWW2keHJ1q4xHvfL/5bUt//OHpwApFdodwd279056SyZj8Pn6e9+GzGBzTNPX+w46t
gq399HZ9R8FgYCD1I8KhoOLRsOVAweogvuywwOhnl5cVTefTfX2dFAVzvzCMO/UfN/aUScXk90/m
zJn1j3vK51J9WwJzn1K5qt39Ey0vzdjabtzHKZUeZrZYZZqmflvf1r/84Zkr2rnaMc7nP2BSTNao
/REVHaytW5jN9X9HPB4tzE/1/3l13UHg/cfB3jV4SKfb1W/r2/q3Pz6Xz6UXpfVGS4eHZ1panH7s
XZl4k/pZHB6fPeqd6M8DzH/944uBFObLZpKWA46ral2tVlt+//3Hk17vZhbPL6+XN9xX3NbGbDqv
x6O4zdkq6F2j2dbB4Zme2LzoHheXV1XHxXad2No50sxU2nKBRsYp/VOtNbS9e6xnDmYGj7JxP/8B
k4AlKkNg/qP9mB3JeNRV7Sq73a7ef+pfMateVGuNvhY1ewy7ByeOp96ivybts6g3mvq0efDYu6FK
reG469RDUkl7x9bqA3U4TNO8Dih6UKk1VG/cX+uo3mxZLnSXzSRlGAyOH8PuQUGdjrPW7LCna5qW
C6EzTum/3YOC5WV8bjAJ5z9gErg3OnaRZrNlu2d2LpNwVV/so5PzvqzHDAcD6nS7jnuMf7Z3UNDM
VHpoHQRikZCi0bB8PkPtVltXlVpP00QbzbbOS2XlMv1dojQJ+Cx6s7t3olbb/sVZLBLS3GxOiXhE
gYBfXo9HrXZH1Wpdp8WSo25M23snmpvJ9r19XiIelcfjsXyhU6nW722VXa01ej5mSdJVpXpvQemH
gpabMmmmN1vV72NGs9XW+cVV35eY4nb7h6d6sjj94FLaSR+n3OT1ePq2zHNn/0Tfv1juy3M9tkk4
/wGTgIBjCOy0GfzMTVOLu92uth0WbvN6PHqyOK1sJqFYNPz7AKXd7uiyXNHhcdFx+7bd/YJevRzs
wGFxLq/52Zwi4eCXgZRpqlJraP+goD2HVbHPz+++qJ6Zzmh66sv1+jt7x7buCM1NZ/X86fhMLX2s
z2KcNBpN7dt8jzwej56tzmt+JieP98tQNhDwKxoJKZ9LaXF+Su8/7KpUtn6BYZqmDo7OtLo8Z2uf
HuLzGcqm4zq1uHTw6oHlLP26g3lZriqXTd35/1Y7ukjXswAHze3HoYEeMy7KIx9wRMNBLczllUxE
FQj4ZRhedTpdNRotlS4r2j0oqFbvXz2HqVxKU7mU4rGIfH5DHnnU6XRUqdZVPC9r76Dg6KK72Wqr
XK7eG0JO8jhFur4AX5jLK5WMKRj0yzAMdTodNRotXVxeaf/g1PKyva8dnZxr9cms6y/EJ+X8B0wC
Ao4haDbtp/zRSHgAezIYhbOSo0FQKhG9bl0b/vak6PMZyqQTyqQTmp3K6M37Ldup+nHhXMuL04pG
+/9e+gxDr14u392lwONRNBLS86eLSqfievt+23aHhfumvHs8Hnm+muHjkc0ZPx7rxWNH2WN/FuPk
uHBu+wLjh+9WLF3IxaJh/fh6Vb++3bTVlWnv4PrubL+XW2RSCcsBx0PF5uwMWu9z/kCbWasFRoMB
/0COe19z63FoGMeMs/NLPevDvg7KytLMrbMeDMNQIOBXPB7R7ExWWztH2u5xqnww4Nf3L57c2qLZ
5zMUDAaUSSc0P5vTb+vbjoo7Xl7dH3BM4jjls7XlOS3M5WUY337WkYihSCSkmamMDg5Ptb6x7+g1
Tk4vtLTg7lpVk3T+A8ad+69uXMDJWlw3FRY6KdgvxpROxvSHV6u3Dhq+lskk9NMPz+R38J6cOSju
asXLZ4uWWzDmcym9cHCHslJrqNWHae/jjs+ifwo2C6utLM3Yukvt8/n08uniNxfF92l3OgNpR2in
xtFVpXb352+aKp7fH0xYVSpX1byrxoZpqmRxYJzLJm29x5NmGMeM6ggfM9aW57TyZPbBYMkwvFpb
mdPyovOCqT7Dqx9fr90abnwtHA7qD6/WlIjZn8H6UPg3ieMUSXr9cvkfF8j3f9Zer1cL81P68dWq
o2PH6dlgW98OwySd/4BxR8AxBHZb0/kM74Mno1HRarVUOLN3UvD7DL18tmSrengsFtaLp4t2d+96
2mifC4rls0lNWWjneNPMVEYZCwO8r1ktKDip+Cz6p1ZrqFS2vtTCZxhanM/bfp1IJKS56YytbR6a
2eBELBpW4IHOKDfdtdSw3mg6WoZ4l7uWwzSabdUaTUvPkaa94J0m/ZiRTsa0tGCvk9ry0rSj0EGS
1lbmFbMxO8HnMxwtWbqvPs0kjlOk6yDL7nc9m0nq2eq87de6uKyo8UCR5FE2aec/YNy54yra5bpd
ezM43NRT/LJsf83mwlze0h2Rr03lUrb7gpcrtQc7E9g176R9r8ejhTn7J8NRvQM4Kvgs+qdss47E
zHTGcYtDK3dzbxrEHSyP12Pr7ttd9S8eqs/x2dxM1tLjyncMsqs16/U3HqNooVtM+jFjcT5v+w69
1+vVos1QRLoOCaZtXmBL19/fvM2aR5Vq/c6QYBLHKbFISEsOLsCl69+Iky5+laqzGh6jYNLOf8C4
I+AYAo/H3tvcdlDB+bHYqer/mZMBj6TrQaaDwWnNxoWBFQmHBWCdbNe1ue570vBZ9I/dWQi9tLG2
G+JelqsDef/TSesDzavK7QPgSwt3/aKRkGanrN21u6uleKVi7TgWj4bv7cQy6Sb9mJFMOJvdk3Kw
XTaTdLzcNpu1toTos063e2f9hEkcpywtTMnjsLaNx+PR0rz9QKtWtzbDbBRN4vkPGGcUGR0Cu8tN
mq22zG7X8clpmKzevfwsHApcV6x3yMmdyUqtobTDscrX4tGw49Q+EPArHArYGgR0u/2ftjou+Cz6
y06HDkl6/2FX6x93Hb2W3dnYXdNUo9FydEf1PomE9YvW0uXtQYaV6cPZdEKxWNhSa9riRVntdueb
C8O7ApZvXmsCuv04NenHjFg0LL+NZVk3BYP2//5EzHnhTCeF1u/6bU3aOEWSUg6WVH2xvYNlbrU+
LtUbtkk8/wHjjIBjCHwOqh+3O135XRBw1C2uCf8snYx/2Y7PppCDQdadRfscCAR6+8kEA35X3+UY
JXwW/dWw+VtuOyie3IuOzVpGVoRDQcWjYUvtEctXVbXb7S8ukFuttqV128lEVIZhKJOK68xCR55K
pfZNR4jzkrVpyqkky1PuMunHjOCQ/36nYdL1tvbHTXddOE7aOCUaDioU7G0Wl9/vUzIRtbU8op9/
w7BN4vkPGGejfwU9Bvx++yfqfvaeHyS7a4x7HWDK47F94u7nkp9eW3W5qTvOqOOz6C+77Q2HzW6b
TqvszHioVL88Ll9ZXLcd/0eBRqvFPy+/et5ms2XpnODxeKi/cY9JP2YM++/vpVi64e1fF6BJG6dE
wqG+PE/Y5lI3N1+ET+r5DxhXBBxDEArZn1Zmt+DRY2naHDj0Y4Bop/OBNPykHXCjUSyIeJM5oAGe
nRkPX6/lv3ygNaV0Xezvc02MuMU6DhdfzdawWkMgm467/iIc6LdJG6c4XYb0zfPYnIHTcvFYa1LP
f8C4IuAYgnAoYLtq+dcD3FFl9+/qRye0uwqJ3cWj/t0JAsaV3d/ysPV69/kuiXjU8t/+9Vr+izsK
gt6UyfyzWGLcYk2C84vLL4rKWV0f7qSVKTDuJm2c8lCdH6vs/g3eET+H3GdSz3/AuCLgGAKv16uU
zYrLx4VzVyxTsXuXotOHhN9u0s4dTYysHgai/S5f2K+7foPSy3T3+/h8hrJpa8HAzfXonU7HUoHR
5I0lIz6fz9IylXan+0XXFCs1QiTnHTKAcTZp4xS7M1buYvdvcPNF+KSe/4BxNdq/6DGSTSfubP93
l6PjolaezPZ9X64qNdstp3yGoUjk23Wddk8KvRZoM03TdjsvN590Md46PXRZ6Pd6Z7/NAXY8Gh7q
oGuQQWUmldBp8eHin5dX1d87nFxV6pbucH69LCWdils6F5Svqr9va6XQX8DvUyzan7X3wDiZtHFK
pVqTaZq9zUowTdvdZ3w+916ET/L5DxhHBBxDknYwdXjvoKCZqUxfW0NVq3X9/Mt721MYn68t3Bpw
hGwWoboolXs68VZrDdt3J+zuI+CU3bp4vaz77WdROum6o4idEPbp6ryj49ooStqYYVet1ZWIRy3V
SYpFQt8UG0xYrcNxWdHcbE6tVsvSEpVcJumK1uLAsE3aOKXeaKlWa9w6ZrOqVm/aDml67dzymCb5
/AeMI0ZDQxKLhRW2WWy01e7o/cdd27Mt7mJ2TX3aPHC0PvOuA3nMZq/6RrOtKwuF+e5yUXp4SvjX
ovQOx5DYvQtndenBbezeXXtI1OZg2A1L6KyKRcOWp7F/LvhpZVZF9kb9jc+s1uEonl9e3wmuWnuf
0ymWpwC3mcRxipV21Pc5LZZsb2N3jDtKJvn8B4wjAo4h8Xg8WpjN2d6ueFF2HEp8wTS1tXukgoOT
VjoZu/PgH4nYP6EdnRRtbyNJ3W5Xu/sF29v1cwYMcB+700jPzkqOA8wzC0sq7LD7Wz4r2h/EjyqP
16Nc1lq72HKlJrNrqmjhAuK2mSF+v19JC7M4mq22qrWG5QKjtIcFbjeJ45SdvRPHs/za7Y529k5s
bxcOu3cGxySf/4BxxBKVIZqZzmhz58h2O7Ddg4I6nY6eP12U18EUZLN7HW5s7hzZ3laS5mayd/5f
Ih6V1+OxVW1796Cg6am07QH5zt6x7SmTmVRcgYDf1jZuZXc6rZt71o8qu1N0a42mCmclTefTtra7
LFd6vkP3tXjM2tKJz06LJdVqDdsD86urqu3vXiQSGngRuHQyroOjswcfd3lZVaVWV8vCxcNd72k6
FVep/PASl/JV1dJMnVgkpPCILMXjOIRRM4njlEazpU9bB3qxtiDZ+U2apj5u7KvRbNl6PcPrVSxq
b6bMKJn08x8wbvjFDJHf79PifN5R0HBwXFSlWtfqk1ml099Oe75LpVLTx80DxxdD4VBQ+Vzqzv/3
+QxN5VI6Kpzbet536zv6w6tVhSxOaTw+OdfGtv33bSp/976PG4/NAhCVSu26i8eIt0dzEyd34T5u
7CuZiFoORzrtjtY/7tl+nYcEAn7lMtaKbUrXhfQ2d4703fMlyxe1lWpdP/9l3faMtH//0ytbj3ci
kbA2wC2VK5a6p8SiYQXv+EwTFmt+XF5WdGFhKUwumxyZ3zHHIYyaSR2n7B+eKhjw68nitKVjtGma
2tw+0sHxw0Hv13KZhKsLuk/6+Q8YNyxRGbKFubxCQWdJfalc1S9//6Rf33zS0fGZ6vXGrW0mW62W
zool/fZ+W//3z+96utO7sjTz4KyR+wKQu1xV6/rlb5908UBRp06no62dI715v2X7Nbwej7I2wiC3
8/vs5ZVX1bpOTi8GtDeTyck66kazpV/fbPxe2+E+zWZLf3+3qUsLBS6dmMrZm0lydFLU9u6RpQFb
q9XW+sdd24O7bDpxZ1DQT+FQUHGLdyD3Dh6egn7fsScetRamnJxeWJrBMUrtYTkOYRRN6jhlY/tQ
7z7sqN64vzNMrd7Q2/fb2tp1NtM3a3GJ3yib5PMfMG6YwTFkfr9Pz1YX9LffNh0/x2nx8veU2Wd4
FQ4FFQj41e12r6tn96n4UToZ0/TUwwf8XCahWCSkK4trxT+r1Rv6868fNJ1PayqXUiwaks/nU7fb
VaPZ0kWpooOjU9vTPT9bnM9P1IkhGLD/c/77uy3NnZeVSERkGIZu3ocwDOPWIom4WzwekeH1qmOz
rsZVpaaff3mvpYUp5XMpRSOhf94V+kfLwbPzS23vHtuuzm9HPpdUcMtva3ryxvaRqtWGVp7MKBy+
pVaPaapUrmr9466joqrzs3cvkeu3bCZpaR+ttJFM3jMjJBj0Kx4NP/haVj9rq51ZhoHjEEbRJI9T
Do+LOilcaHYmq0wqrlAwIMPnVafdUb3R1Nl5WYdHZ7aW8Nzk9xnKZdwfcEz6+Q8YJwQcjyCfTWpm
KuO4iNVN7U73+qDZ544KhterZ2sLlqbeebxePVmc1pv3245e67hwrmObU0cf4vV4NO+gqKubOS1S
dnB8duuU1FQiyoWFTYZhKJ9LOfptd7pdbe5c18rxGcbvNRXqjaaleg/9YBiGlham9GFj39Z2R4Vz
HRXOlc8klUzGFPD71DW7ajRaKl6ULXUcuU0sGlZmiLOwUsmotNuf53poTXcmHe+pi87vz5OKj9T6
bI5DGEWTPk7pdLvaOyhYmn1m1/xs3naB7VE06ec/YJyMzqhokng8er62oFq94fjAN2jPny7YKhg1
lU/r6KSos/PRqCz9dGXe8rrZcREKBhQNB1VxeCcJ/TE73Xt42e50+nLx68TcTFaHR2e273RKUqFY
ctSp6S5ry3OOCis7lYhH5PF4eu5aFb+n/sY/X6s/XU9GbQDMcQijinFK//l9hhbmxudm0iSf/4Bx
wi/nkfh8hl6/XB7JvuHLizOanbY3Lc7j8ejZ6oJ8xuN/pbLp+MTN3pAkeTyastmNA/2XSsYstQEd
VYZh6PnawmPvhuams8qm40N9TZ/P15fXtBI6xGP96ThwWyvaR8VxCCOKcUr/rT6ZHatOdZN8/gPG
yeMf5SdYMBjQj69WFY3csm7vkSzNT2nlyYyjbSORkL57/qTPe2RPNBzUy2dLtiv5jwu77UbRfx6P
R6vLc4+9Gz1JpeJaW559tNePRcN6ujr3KJ01MqneZ0RYCR0+z3Tohc8w+haU9BPHIYwqxin9k00n
NDszfjUiJvn8B4wLAo5HFomE9MfXT5VOPn4V/LUns1pbmbPc8uo2+VxKL54+TvodDPj1w/erE1VY
9GuRSEiLc/nH3o2Jl07FtTDgzyE24GB0aWH6Ue4whkMB/fDdinw2u3H0Sz9mRDxUf0OS5PH0vLwk
l02O5BRmjkMYZeM+TolHwwoMuC5POBjQy2dLI3n86YdJPf8B42I8j0wuEwxen/Aea0AY8Pv0h+9X
9WRppqdw47P52by+e2a9N3g/xKNh/fTDU0VGaDbMY1l5MmOrfgoGY215dmDBZTQS0otnSwN57s+u
p3PPa3F+eMelaCSkH1+tOS5U2Q+xaKini4Pr+hvWpmwnegxT0qnHD8bvwnEIo2ycxynhf8wQGZRg
wK8fXq1aPs650aSe/4BxQcAxInw+Q8/WFvTTD08Hfmf2pul8Wv/npxfK9bmH+exMVj+9XlN4CLMp
pnMp/ZFw43c+n08/fL/CxcUjMwxDr79bUSbV33W08WhYP75addSO0y6v16tnK/N6brGjUi9ymcRI
hJQer7en46Gdjh+JHpeXJPtUqHQQOA5h1I3zOCWXTeq7AYQckXBQf3y9NhG/60k8/wHjgoBjxKRT
cf3rH5/r5bNFRQaY4qaTMf30w1O9erk8sKmSqVRc//bTCy0NKAH/PJXv1cvlkWqTOArCoaD+5Q/P
hnr3Ad/y+316/d1K35arzExl9Mcfng638r7Ho4W5vP7004u+hzXSdRX+l88W9cP3qyNTrC6ddP53
2umOEg4FHV9chUPBgZ4j+oHjEEbdOI9TZmey+vHVqvx9auE6nU/rX398rugEhBu/m8DzHzAOuCoc
QYZhaG4mp5mpjApnJZ0UzlU46731lM8wND2V1kw+fb3OfAhTM/1+n56uLmh2OkvBzgkAACAASURB
VKuDozPtH56q22MLxlg0rMW5vKbyKRmG+3uvD4rPZ+jZ6oKm82kdHhd1cHTWc/tL2OfzXVdlz2US
2to50oWD1tDxaFiry7PKphOPVngsGg3rx9drKp5fane/oOJFb60W/T5Di/N5zc3kRm5gl0g474Jj
qf7GZx6PMpmE9g9Pbb9OPpt0RRE6jkMYdeM8TslmkvrTv7zUxvahDo+dtS9PxCJafjKjbDox1CU9
o2SSzn/AOCDgGGFer1fT+bSm82k1my1dlK50Wa6qfFVV6bLy4AnYZxhKJiJKxKNKJqJKxqMy+pTk
2xWNhvVsbUFPFqd1flHWWfFSp8WS2p2upe3j0bDyuaTSybgSiejEnmSdSMSjSsSjWlmaUfmqpqur
qsqVmhrNlprNthqNZs+DOTwsk04onYqrVLrSafFSJ6fnqjdadz4+4PdpKpdSLptUOhUfie+8x+NR
NpNUNp3QVaWm4kVZhdOSSmVroU3A71Muk1AmnVA2kxjZgDIcCioeDatcqdnaLh6L2F6XnoxHHQUc
qREoTG0HxyGMunEdpwSDAX33/IkW56d0fHKuk9Nz1erNe7fxGV5N5dOayqWUTsbkGdNionZMyvkP
GAee//jP/2JE4ULdblfNZkudTledbledf5yAvR6PDJ+hgN8nv983MifY25hdU/VGU7V6Q61W+/pv
6XTl8XhkGF75fIaCQb/CoSBLUDB+TFONZlv1RkPtdlfd7vV332d4FQwFFAoGRvr3e1O73VG93lCt
3lS701Gn01W3a8rwemQYhgIBn0LBgMKhoOtbIwKYHOM4TjFNU7Xa9fG60Wyp2+nI1PXsYb/PUCQc
VDgcHNsOKf3G+Q8YPQQcAAAAAADA9YhnAQAAAACA6xFwAAAAAAAA1yPgAAAAAAAArkfAAQAAAAAA
XI+AAwAAAAAAuB4BBwAAAAAAcD0CDgAAAAAA4HoEHAAAAAAAwPUIOAAAAAAAgOsRcAAAAAAAANcj
4AAAAAAAAK5HwAEAAAAAAFyPgAMAAAAAALgeAQcAAAAAAHA9Ag4AAAAAAOB6BBwAAAAAAMD1CDgA
AAAAAIDrEXAAAAAAAADXI+AAAAAAAACuR8ABAAAAAABcj4ADAAAAAAC4HgEHAAAAAABwPQIOAAAA
AADgegQcAAAAAADA9Qg4AAAAAACA6xFwAAAAAAAA1yPgAAAAAAAArkfAAQAAAAAAXI+AAwAAAAAA
uB4BBwAAAAAAcD0CDgAAAAAA4HoEHAAAAAAAwPUIOAAAAAAAgOsRcAAAAAAAANcj4AAAAAAAAK5H
wAEAAAAAAFyPgAMAAAAAALgeAQcAAAAAAHA9Ag4AAAAAAOB6BBwAAAAAAMD1CDgAAAAAAIDrEXAA
AAAAAADXI+AAAAAAAACuR8ABAAAAAABcj4ADAAAAAAC4nu+xdwDAaGs0mmo0W5YfbxiGopHQAPcI
AAAAAL5FwAHgXoWzktY/7Vl+/FQupdffrQxwjwAAAADgWyxRAQAAAAAArkfAAQAAAAAAXI+AAwAA
AAAAuB4BBwAAAAAAcD0CDgAAAAAA4HoEHAAAAAAAwPUIOAAAAAAAgOsRcAAAAAAAANcj4AAAAAAA
AK5HwAEAAAAAAFyPgAMAAAAAALie77F3YJK022212x3Lj/d6vQoE/Hf+f7fbVaVSV63eULPVVqfT
lSQZhlfBgF+hYEDRaEheb/9yrEajKdM0LT/e7/fJMAxHr2V2TTWaTVvbBIMBeTyeex/T78+h2Wyp
Wq2r1miq3e6o2+nKa3jlMwyFQgGFQwGFggHpgf2yotvtqlqtq1r7/Jl35JFH3hufeSQSdPyeD0Or
[...]
AID0BA4AAAAgPYEDAAAASE/gAAAAANITOAAAAID0BA4AAAAgPYEDAAAASE/gAAAAANITOAAAAID0
BA4AAAAgPYEDAAAASE/gAAAAANITOAAAAID0BA4AAAAgPYEDAAAASE/gAAAAANITOAAAAID0BA4A
AAAgPYEDAAAASE/gAAAAANITOAAAAID0BA4AAAAgPYEDAAAASE/gAAAAANITOAAAAID0BA4AAAAg
PYEDAAAAOFT6/X5Evx8REaXH/IzAAQAAABwqnW4nev1+RPSj1+9H/zE+I3AAAAAAh0av14tetxf9
Xi9K5XJE9KP0GMs4BA4AAADgUNlt78ZepxOVcjlKUYrHWcIhcAAAAACHRrfbjZ3tnejsdaJSqURE
RKn86CUcAgcAAABwaPT7/Whtt2K3vRsREb1e97E+J3AAAAAAh8reXifu3WvGbrsdY2PjUS6Xo/SI
F3EIHAAAAMCh0ul0otlsxvb2dpRKpej3+1GtVmO/t40KHAAAAMCh0u/3Y2dnO+7evRvt9m6M1eux
19mLarUydCWHwAEAAAAcOu32Xqyvr8ed1dXodLoxPj4e8fFKjnKl/NDBKgIHAAAAcCi1WtuxuroW
d1bvRL/Xj1qtFv1+L/r9ftSq1SiXy59uW6mOeFYAAACAoZrNZpRKD7atLC4sRK1ej3K3F3t7exGl
iEqlHJVyReAAAAAADrd795rR6/WivduO2bnZmJ6airHxsc98jcABAAAAHHr3729Gq7UdW62tmJ6e
jsnGZExMTEStVo1KxQoOAAAAIIlutxurq2uxsXEvGo1GjI+Pfxw4qgIHAAAAkEun04lmsxnNZvPT
X3OKCgAAAJCewAEAAACkJ3AAAAAA6QkcAAAAQHoCBwAAAJCewAEAAACkJ3AAAAAA6QkcAAAAQHoC
BwAAAJCewAEAAACkJ3AAAAAA6QkcAAAAQHoCBwAAAJCewAEAAACkJ3AAAAAA6QkcAAAAQHoCBwAA
AJCewAEAAACkJ3AAAAAA6QkcAAAAQHoCBwAAAJCewAEAAACkJ3AAAAAA6QkcAAAAQHoCBwAAAJCe
wAEAAACkJ3AAAAAA6QkcAAAAQHoCBwAAAJCewAEAAACkJ3AAAAAA6QkcAAAAQHoCBwAAAJCewAEA
AACkJ3AAAAAA6QkcAAAAQHoCBwAAAJCewAEAAACkJ3AAAAAA6QkcAAAAQHoCBwAAAJCewAEAAACk
J3AAAAAA6QkcAAAAQHoCBwAAAJCewAEAAACkJ3AAAAAA6QkcAAAAQHoCBwAAAJCewAEAAACkJ3AA
AAAA6QkcAAAAQHoCBwAAAJCewAEAAACkJ3AAAAAA6QkcAAAAQHoCBwAAAJCewAEAAACkJ3AAAAAA
6QkcAAAAQHoCBwAAAJCewAEAAACkJ3AAAAAA6QkcAAAAQHoCBwAAAJCewAEAAACkJ3AAAAAA6Qkc
AAAAQHoCBwAAAJCewAEAAACkJ3AAAAAA6QkcAAAAQHoCBwAAAJCewAEAAACkJ3AAAAAA6QkcAAAA
QHoCBwAAAJCewAEAAACkJ3AAAAAA6QkcAAAAQHoCBwAAAJCewAEAAACkJ3AAAAAA6QkcAAAAQHoC
BwAAAJCewAEAAACkJ3AAAAAA6QkcAAAAQHoCBwAAAJCewAEAAACkJ3AAAAAA6QkcAAAAQHoCBwAA
AJCewAEAAACkVx31ADzQ7fRic7sdre12bO90Yme3E+29TrT3etHtdqPb60ev1x/1mAAAAIVSLpei
Ui5FpVKJeq0c9Vo1xseqMTFejcZEPaYm6lGpWjtwGAgcI7LX6cbGve3YuL8Tzc3d2Gq1Rz0SAAAA
n9P7+D8273V6sbMbEbH70NdMNuoxMzUWs9PjMXtsImrVyoHPicBxoNrtTtxZb8Xa+lZsNHdGPQ4A
AADPwVarHVutdiyv3I+IiNmZ8ViYm4zjc42o1z12HxS/0wdgbb0Vt1c3Y3V9a9SjAAAA8IJtNHdi
o7kT719fi8W5yTixOBULc41Rj3XkCRwv0PJKMz5cuW/7CQAAQEGtrm/F6vpWTDbq8fLSdJxcmhn1
SEeWwPECLK804+ZyM3Z290Y9CgAAAIfAVqsdl6+txc3lZpw5OSN0vAACx3O0tt6K67c2YrP18Etn
AAAAYGd3Ly5fW4vllc04d2rW1pXnSOB4DtrtTly5uR4ra5ujHgUAAIAENlu78ePLt2NpYSounpnz
MtLnwO/gM7q9uhlXbqzFXqc36lEAAABIZmVtM9bvteLi2YU4sTg16nFSEzieweVrq58eAwQAAABP
Y6/Ti3eu3Inm5k68cn5x1OOkJXA8hdZ2O969uhrNTe/aAAAA4PlY/vgUzi9eWIzGRH3U46RTHvUA
2axvtOLtny6LGwAAADx3zc3dePuny7G+0Rr1KOkIHE/g9upm/PDd2963AQAAwAuz1+nFD9+9HbdX
HWTxJASOx7S80ox3rtwZ9RgAAAAUxDtX7sTySnPUY6QhcDyG5ZVmXL62NuoxAAAAKJjL19ZEjsck
cDzC7dVNcQMAAICRuXxtzXaVxyBw7GN9o2VbCgAAACP3zpU7Xjz6CALHEK3tdvxM3AAAAOCQ+NmV
O9Habo96jENL4Bji3aurTksBAADg0Njr9OLdq6ujHuPQEjgGuHxtNZqbu6MeAwAAAD6jubkbl6+J
HIMIHJ9ze3Uzllfuj3oMAAAAGGh55b6Xjg4gcPycdrsTV244MQUAAIDD7cqNtWi3O6Me41AROH7O
lZvr3rsBAADAobfX6cWVm+ujHuNQETg+trbeipU1S3wAAADIYWVtM9bWHR37CYHjY9dvbYx6BAAA
AHginmX/jcAREcsrzdhsOTUFAACAXDZbu7G80hz1GIeCwBERN5f9ywAAAEBOnmkfKHzgWF5pxs7u
3qjHAAAAgKeys7tnFUcIHPHhyv1RjwAAAADPxLNtwQPH2nortlrtUY8BAAAAz2Sr1S78iSqFDhy3
Vx0LCwAAwNFQ9GfcwgaOdrsTq+tbox4DAAAAnovV9a1otzujHmNkChs47hR86Q4AAABHT5GfdQsb
ONas3gAAAOCIKfKzbiEDx16nGxvNnVGPAQAAAM/VRnMn9jrdUY8xEoUMHBv3tkc9AgAAALwQRX3m
LWbguG/1BgAAAEdTUZ95Cxk4mpu7ox4BAAAAXoiiPvMWLnB0O73YarVHPQYAAAC8EFutdnQ7vVGP
ceAKFzg2t8UNAAAAjrYiPvsWLnC0CvhDBgAAoFiK+OxbuMCxvdMZ9QgAAADwQhXx2bdwgWNnt3g/
ZAAAAIqliM++hQsc7b3i/ZABAAAoliI++xYwcBTvTbIAAAAUSxGffQsXOLrd7qhHAAAAgBeqiM++
xQscvf6oRwAAAIAXqojPvoULHL0C/pABAAAoliI++xYucAAAAABHj8ABAAAApCdwAAAAAOkJHAAA
AEB61VEPAAA87MLpuWhM1Adeu7l8L5qbO09130tnF2J87OE//vv9fvzkvZWnuudRMDM1FrVqZeC1
5uZu7HWKd9QeAGQjcADAITQ324jZ6fGB1ybGa/F/f/jBU913Ya4RU42Hw0nRA8eFM/OxMNsYeO2t
H38YG83tA54IAHhStqgAQDIzU2Nx4cz8qMcAADhUBA4ASOjsyWMxPTk26jEAAA4NgQMAEqpUyvHF
C4ujHgMA4NAQOAAgqWPT43H+9NyoxwAAOBQEDgBI7NzLs4dqq0qlXI5yuTTqMQCAAnKKCgAkVqmU
45ULi/HWj24d+PeebNRjaWEqZqfHY2K8FvVa5dO40e32YnevG63tvVi/14rbq5vR3nv0UasvHZ+O
pfnJgdf6EXHtg/W4v7W77z3K5VK8evF4VCuD/zvOrdvNWNtoxZcuHI+x+oOjYQedLPOJ86fnotc9
9tCvX76+Fts7e/vOAgAcHIEDAJKbnR6Pc6dm4/qtjQP5fjNTY3H+9HwszE5EqTR4tUalUo5GpRyN
8VoszjXiwpn5uL26GVdv3t03dNzdaMWls/MxVh/8V5RarfLImHPu5dl46fj0wGubrXasf3zk69zs
RDTGa/veKyJi/tjEwF+/+sH6Iz8LABwcW1QA4Ag4d2pu31UIz8v503Px1X/3cizONYbGjUGqlXKc
OjETX//l07G0MDX069p73Xjv+trQ6w9izvD3jkyM1+L0ydmB13q9frx7dTV6vf5jzw0A5CFwAMAR
UD2AU1VevXg8Lp6Zj0r56f/6MFavxi9+YSlOv/Twlo9P3F7djJW1zaHXz52aHRpzLp2dj1p1+NaU
jY9XbwAAR4/AAQDJbNzfGfjrszMTcfblwasXntWls/Px8omZ53KvcrkUXzi3sO9KjsvX1mK33Rl4
bVjMWZhtxPH5wffc2m7HlRt3n25gACAFgQMAknnv2mp0Or2B186fmovJiee7VWV+tvHIcNLe68ba
Ris+unM/VtY2o7m5u+9WkHK5FK+cX4h6rTLw+m67E+/vEyQGxZxL5xZi0K6Zfr8fl6+uRrf32d+z
brcXnY//1+8Pn/Xnv67zmJ8BAA6el4wCQDI7u524dms9vnBu4aFr1eqDU1V+8JMPn9v3u3R2fuj7
NrrdXly7tR43l+89FDQmG/W4cHo+lhYGn4oyVq/GxTPz8bMrdwZe/+jO/Vicmxz6+fOn52JtoxVb
rfa+7yC5dbsZd+89vDXle//6waf//8u/cDIWZhsDP//2zz6ytQUAErCCAwASuvHhxtCH7vljE3Hm
5PB3XDyJpYWpmJ4cG3it0+3FD9/5KK7f2hi4WmOr1Y4fvfvRvqeNLC1ODV3FERFx+dpq7LYHn7pS
rZTji+cXY3ysGmdfHvzP29rei/ev25oCAEUgcABAUu9cXY1Od8hWldPzj3UE6qMMO241IuLGrY2B
KyM+7+rNu3F3ozXwWrVSjhOLw7/HbrsTV24MP1Vl7thEfPnVk1GrPhxJ+v1+XL728NYUAOBoEjgA
IKmtVjuu3xq8OqJWfT6nqhybHh/463t73bi5fO+x7/Phyv2h1+aOTez72eU79+PO3a2h1yeHbE1Z
Xrkfa0PCCgBw9AgcAJDY9VsbsdEcfKrK/Gxj3+NYH2Vmenzokav3NnefaGXE2norhr2SszHx6JUm
l6+tRntv8FaVQbZ39uK9fVZ+AABHj5eMAkBy7169E1977VRUKw/HiAsfv4hze2fvie87PWRlRETE
samx+NWvnn3iew4yts87OD6xs9uJKzfuxquXjj/ya/v9B8fMDjtpBgA4mgQOAEhus9WO67c24tLZ
+Yeu1WqV+OL5xXj7Z8tPfN/aPuGhVqvse/1JVCrlKJdL+x4rGxHx4UozFucnY3Fu8Gknn/jozv1Y
XR++pQUAOJpsUQGAI+D6rfXYuD94q8rCXCNOnZh54ntWygf314TykGNoP+/ytdV9Q8hepxfvXbc1
BQCKSOAAgCPi8tXV6A45VeXimfkYH3uyU1V6/f1XVDwv/X5/6Gkwn/fS8ekol4fHkFq1HCcWp57X
aABAIraoAMARcX9rN65/uBEXzwzZqvKEp6rs9w6Lnd3OE730c//v83j3mZ4ci7MnH/3S1Atn5uPu
RitaT/HeEQAgL4EDAI6Qax+sx+LsZMxMjz10bXGuMXSFxyCt7fbQaxvN7fjJeytPNePTeuX8YlQG
vEj182rVcrxyYTHe/umTv3cEAMjLFhUAOGLevXZnaMh4nEDwiebm7tBtKlOTDweUF+nsy7MxOzP+
2F+/8IxH5AIA+VjBAQBHTHNzN24s34sLp+ee6T57nW5sbrYHrgaZatRjfrYRdzdaj7xPpVyO0yeP
xbD3iK6tt+L+1u7QzzcmanHu1OB/ll6vP/SdHM9yRC4AkI/AAQBH0NWbd2NhthEzU8+20mJ1Y2tg
4IiI+MK5hXhrc2ffd3VERFw6Nz90NUWv14/bq5v7fv6L5xejVn145Umv348fX74dr15aGnj9SY7I
7XWHv1B1vO6vSwCQgS0qAHBEvXt1Nbq9x3/nxiAffHQv9oa8THSqUY+vvPpyNMaHn85y4fTcvkfU
rt/b3neFxakTMzE/2xh47aM7m3Hn7lZc++Du0M8/7hG5e/u8m+SlpemoPsHWHgBgNPwnCQA4opqb
O3Fz+V6cH7K943F0Or24sbwRl84uDLw+Mz0WX//l03Hn7lZsNHdip92JaqUcjYlaHJ+fjOl93tXR
6/Xjys3hcWJ8rBYXBpwIExHR3uvGlRtrERFxc/leLMxNxvyxiYFfe/HMfNx9REjZ3NqNiOmB1+aP
TcSvffVsbO90PhOMfnblju0vAHCICBwAcIRduXE3Fo41YvoZtqpcv7URC7ONmJ0ZHBAqlXK8dHw6
Xjo+OBAMve+HG/u+e+OV8wtRr1UGXrvx4cZnjqm9fHU1vvbaqaFbVV45vxj/us9WlbWN1r7v86jV
KlH73CxWdQDA4eJPZgA44t69thq93vB3TDyOH19eia19jo19Uh/duR9X91m98dLx6Tg+Pznw2v2t
3bjx4cZnfm1rux3XPlgfer/FuUa8vDR8q8r2zl7cubv1iKkBgMNM4ACAI+7e/QdbVZ7FbrsTP/jJ
cty7v/PM89z6qBk/eW9l6PV6rRKXzg7emtLvP1iVMsjN5Y1Yb24Pve/Fs/MxPjZ88ep719dsOQGA
xAQOACiAqx/c3Xc7yOPYbXfi+z+6Fdc+WI/OPi/lHPr53U785L2VeOfqnX2/7gvnF2NsyMkld+5u
xto+R9O+e3V16Gz1j7eqDJ2v3Ym3f7ocG88h4gAAB0/gAIAC6PX6cfnqs29ViYi4cvNu/PMPbsaN
DzclRdhaAAATBUlEQVRis7X/tpV+vx/3t3bj/Rtr8c//ejM+unN/368/Pj8ZJxanBl7rdHvx/pDV
G5/Yau2/VeX4/GSc3OddIa2dvXjrR7fih+98FCtrm9Ha3otOtxf9/rP/vgEAL1bpt3/nPxXqT+x/
/Jerox4BAI6UifFaHJsaj/GxalQq5ehHPzqdXuzsdmK9uT30mFkA4MX6xr+/MOoRDpRTVACAZ7K9
s+fdFQDAyNmiAgAAAKQncAAAAADpCRwAAABAegIHAAAAkJ7AAQAAAKQncAAAAADpCRwAAABAegIH
AAAAkJ7AAQAAAKRXuMBRLpdGPQIAAAC8UEV89i1c4KgU8IcMAABAsRTx2bd4gaNSGfUIAAAA8EIV
8dm3cIGjXivcPzIAAAAFU8Rn38L9E9dr1VGPAAAAAC9UEZ99Cxc4xseK90MGAACgWIr47Fu4wDEx
XrwfMgAAAMVSxGffwgWOxkR91CMAAADAC1XEZ9/CBY6pAv6QAQAAKJYiPvsWLnBUquWYbBTvBw0A
AEAxTDbqUakW7nG/eIEjImJmamzUIwAAAMALUdRn3kIGjtnp8VGPAAAAAC9EUZ95ixk4jk2MegQA
AAB4IYr6zFvIwFGrVmJ2pphFCwAAgKNrdmY8atXKqMcYiUIGjoiIhbnJUY8AAAAAz1WRn3ULGziO
zzVGPQIAAAA8V0V+1i1s4KjXq7FY4LIFAADA0bI4Nxn1enXUY4xMYQNHRMSJxalRjwAAAADPRdGf
cQsdOBbmGjHZqI96DAAAAHgmk416LBR4e0pEwQNHRMTLS9OjHgEAAACeiWdbgSNOLs3E+Fht1GMA
AADAUxkfq8XJpZlRjzFyhQ8cERFnTvoXAQAAgJw80z4gcMSDVRxTjbFRjwEAAABPZKoxZvXGxwSO
j507NTvqEQAAAOCJeJb9NwLHxxbmGrG0UOwjdQAAAMhjaWGq8Cen/DyB4+dcPDMXtarfEgAAAA63
WrUcF8/MjXqMQ8XT/M+p16tx8ezCqMcAAACAfV08uxD1enXUYxwqAsfnnFicipPODwYAAOCQOrk0
HScWvWLh8wSOAV45vxgzU05VAQAA4HCZmRqLV84vjnqMQ0ngGOKLFxa9jwMAAIBDo1YtxxcviBvD
eIIfojFRj1cvHh/1GAAAABAREa9ePB6Nifqoxzi0BI59zM024ksiBwAAACP2pYvHY27WkbD7ETge
4cTiVLxy3skqAAAAjMYr5xe8VPQxCByP4eTSjMgBAADAgXvl/EKcXJoZ9RgpCByP6eTSjO0qAAAA
HJgvXTwubjyB6qgHyOTE4lTUq+X42ZU7sdfpjXocAAAAjqBatRyveufGE7OC4wnNzTbiy79wMmam
xkY9CgAAAEfMzNRYfPkXToobT0HgeAqNiXp85RdfjpNL06MeBQAAgCPi5NJ0fOUXX3YU7FOyReUZ
vHJ+MWamxuPKjTVbVgAAAHgqtWo5Lp51UsqzEjie0YnFqZibGY8rN9djZW1z1OMAAACQyNLCVFw8
Mxf1usfzZ+V38Dmo16vx6qXjcXx+Mq7f2ojN1u6oRwIAAOAQm2qMxblTs7Ew510bz4vA8RwtzDVi
Ya4RyyvNuLncjJ3dvVGPBAAAwCEyPlaLMydnHP/6AggcL8DJpQf/si6vNOPDlfux1WqPeiQAAABG
aLJRj5eXpoWNF0jgeIE+CR1r6624vboZq+tbox4JAACAA7Q4NxknFqdsRTkAAscB+GTrSrvdiTvr
rVhb34qN5s6oxwIAAOAFmJ0Zj4W5yTg+1/Dy0APkd/oA1evVOHViJk6dmIm9Tjc27m3Hxv2daG7u
2sYCAACQ1GSjHjNTYzE7PR6zxyaiVq2MeqRCEjhGpFatxPGFqTi+8OCc426nF5vb7Whtt2N7pxM7
u51o73WivdeLbrcb3V4/er3+iKcGAAAolnK5FJVyKSqVStRr5ajXqjE+Vo2J8Wo0JuoxNVGPSrU8
6jEJgePQqFTLcWx6PI5Nj496FAAAAEhHZgIAAADSEzgAAACA9AQOAAAAID2BAwAAAEhP4AAAAADS
EzgAAACA9AQOAAAAID2BAwAAAEhP4AAAAADSEzgAAACA9AQOAAAAID2BAwAAAEhP4AAAAADSEzgA
AACA9AQOAAAAID2BAwAAAEhP4AAAAADSEzgAAACA9AQOAAAAID2BAwAAAEhP4AAAAADSEzgAAACA
9AQOAAAAID2BAwAAAEhP4AAAAADSEzgAAACA9AQOAAAAID2BAwAAAEhP4AAAAADSEzgAAACA9AQO
AAAAID2BAwAAAEhP4AAAAADSEzgAAACA9AQOAAAAID2BAwAAAEhP4AAAAADSEzgAAACA9AQOAAAA
ID2BAwAAAEhP4AAAAADSEzgAAACA9AQOAAAAID2BAwAAAEhP4AAAAADSEzgAAACA9AQOAAAAID2B
AwAAAEhP4AAAAADSEzgAAACA9AQOAAAAID2BAwAAAEhP4AAAAADSEzgAAACA9AQOAAAAID2BAwAA
AEhP4AAAAADSEzgAAACA9AQOAAAAID2BAwAAAEhP4AAAAADSEzgAAACA9AQOAAAAID2BAwAAAEhP
4AAAAADSEzgAAACA9AQOAAAAID2BAwAAAEhP4AAAAADSEzgAAACA9AQOAAAAIL1SqVTuj3oIAAAA
gGdhBQcAAACQnsABAAAApCdwAAAAAOkJHAAAAEB6AgcAAACQnsABAAAApCdwAAAAAOkJHAAAAEB6
AgcAAACQnsABAAAApCdwAAAAAOkJHAAAAEB6AgcAAACQnsABAAAApCdwAAAAAOkJHAAAAEB6AgcA
AACQnsABAAAApCdwAAAAAOkJHAAAAEB6AgcAAACQnsABAAAApCdwAAAAAOkJHAAAAEB6AgcAAACQ
nsABAAAApCdwAAAAAOkJHAAAAEB6AgcAAACQnsABAAAApCdwAAAAAOkJHAAAAEB6AgcAAACQnsAB
AAAApCdwAAAAAOkJHAAAAEB6AgcAAACQnsABAAAApCdwAAAAAOkJHAAAAEB6AgcAAACQnsABAAAA
pCdwAAAAAOkJHAAAAEB6AgcAAACQnsABAAAApCdwAAAAAOkJHAAAAEB6AgcAAACQXnXUAwAAR8Ov
//qvRalUeqrP9vv9+Kd/+j/PeSKAg/Haa6/Fn/3Zn8U3v/lb8Vd/9d/j29/+9qhHgkIqlUrl/qiH
gKPu2LFj8cd//McxOzsbf/7nfx4/+tGPnvpeZ86cie985zsREfEXf/EXcfPmzae+1y/90i/Fd77z
ndjY2Ig33ngj7t2799T3Aorld37nt+Mb3/iP8frrr8c3v/lbz/Xef//3/yu+//3vxz/+4z/E3/3d
/3yu9wZ43l577bX4h3/43zE3N/fpr/3RH/1R/OVfvjnCqaCYBA44AN/73r/E66+/HhER6+vr8ZWv
fPWpw8T7778XFy5ciIiIq1evxqVLX3iq+5w5cyZ+8IP/9+kfxt/73vfiV37lV5/qXkAxHDt2LL79
7W/HH/zBf4lLly4dyPd8//3346//+n/Em2++Gc1m80C+J8DjGhQ3IiL+5E/+W7zxxhsjmgqKyzs4
4AB8EjciIubm5uIb3/gPT3Wf3/zN3/g0bkREXLhwIX7zN3/jqe71jW/8h8/8Yfz1r3/9qe4DFMO3
vvV7ceXK+/HGG396YHEjIuLSpUvxxht/GlevXolvfev3Duz7AjzKsLgREfG3f/u3I5gIEDhgBM6e
PTfqEQ7FDEAOb775Znz3u98d+Jf4gzI3Nxff/e534803LfkGRm+/uPH7v//7z7QdGXh6XjIKAAz1
N3/zN/G7v/ufh15/66234vvffyuuXbsWb7/9g6feRjIzMxNf/vJX4vz58/H661+Lr33tawO/7g//
8L/G/P9v735+or7zOI6/2eyZATxP/MGVdF3mVg1u4vawjZ5WMWtJTLaL4496qk2qPRsOeDHEX+Be
jMFoMNuk1saDyUqlJ8G18doJljsZ+AfYU+l++Q7WReTL5zuPx4nvZ3DmdVLzzMx8e3ri2LFjG3od
gHf1W3FjcvJuAauACIEDAFjH9evXW8aNZrMZo6OX486dO+/0RcdrPXr03erP1Wo1hoaG4osvzkdX
V1fm944ePRKLi9fj9OnTm/baAG9D3IDtzUdUAICc48f/FvX6ydz51NSD2L17T4yMjGxq3FhrYWEh
RkZGYvfuPTE19SD3eL1+0ndyAFtK3IDtT+AAADIqlUqMjY3lzicmbsXg4OCW3lJ6aWkpBgcHY2Li
Vu6xK1euRGdn55ZtAdqXuAFpEDgAgIzTp0/n/hM/NfUg6vV6QYsi6vV67p0cO3bsiDNnzhS0CGgX
4gakQ+AAADI+/fTvmetmsxnDw8MFrfnV8PBwNJvNzNnarQCbSdyAtAgcAMCqjz/+S/T29mbORkcv
b+nHUtaztLQUo6OXM2e9vb2xf/++ghYBZSZuQHoEDgBg1cDAgdzZnTt3CljSWqsthw4dLmAJUGbi
BqRJ4AAAVtVq/Znrubm593q3lP/XwsJCvHjxInO2djPAuxA3IF0CBwCw6uDBg5nr2dm5gpas7/nz
2cx1rVYraAlQNuIGpE3gAADWNT8/X/SEnLWburq6CloClIm4AekTOACAiIjYt+/D3NnLl/8pYMmb
/fjjy9xZq+0Ab0vcgHIQOACAiIjo6OjInS0vLxew5M1a3dGl1XaAtyFuQHkIHAAAQFsSN6BcBA4A
AKDtiBtQPgIHAADQVsQNKCeBAwAAaBviBpSXwAEAALQFcQPKTeAAAABKT9yA8hM4AACAtrDeLaVb
3X4aSI/AAQAAlN6rV69iYOBANJvN3GO3b9+Ovr6+AlYBm0ngAAAA2sJ6kaO7uzuePv23yAGJEzgA
AIC2IXJAeQkcAABAWxE5oJwEDgAAoO2IHFA+AgcAANCWRA4oF4EDAIiIiJWVldxZpVIpYMmbtdrU
ajvA2xA5oDwEDgAgIiJmZn7InX3wwR8KWPJmrTa12g7wtkQOKAeBAwBY165du4qekLN209LSUkFL
gDIROSB9AgcAsOrJkyeZ6/7+Pxa0ZH21Wn/m+vnz5wUtAcpG5IC0CRwAwKrZ2bnMda1Wi2q1WtCa
vGq1Gv392cCxdjPAuxA5IF0CBwCwanr6ae5saGiogCWttdry8OE3BSwBykzkgDQJHADAqkePvotG
o5E5O3/+821xN5VKpRLnz3+eOWs0GvHs2UxBi4AyEzkgPQIHAJBx69Y/M9fd3d0xPj5e0Jpf3b9/
P7q7uzNna7cCbCaRA9IicAAAGdeuXcv9Z/7o0SNx48aNghZF3LhxIz766M+Zs8XFxbh27VpBi4B2
IXJAOgQOACBjeXk5Pvvss9z5yZPDce/evS39uEqlUonHjx/HyZPDucdOnDgRy8vLW7YFaF8iB6RB
4AAAciYn78b4+ETu/OjRI9Fo/BQXLnz5Xu+uUq1W48KFL6PR+Cn3zo2IiPHxifj220fv7fUB1hI5
YPv7fdEDAIDt6dSpU9HT0xNHjvw1c97d3R2XLl2KS5cuxezsbMzOzsXr1/Px8uXLWFpa2tBrdXZ2
xt69e2Pnzl1Rq/VHrVZb93enph7EqVOnNvQ6AO/il8gxPf00urq6Vs9/iRwHDvwpXr16VeBCaG8C
BwCwrsHBwbh582YMD/+j5eO1Wu2NMWKzTUzcinq9vmWvB7CWyAHbl4+oQAF+/vl10RO2xQYgDfV6
PYaGhnJvy95Ki4uLcfjwYXED2BZ+6+Mq2+HW2tCOBA7YAnNzc6s/N5vNmJ7+fkPP8+zZTMzPz69e
NxqNePZsZkPPNT39feYf5f/dCLDW5OTd2LVrd1y8+FU0Go0te91GoxEXL34Ve/b0+s4NYFt5U+T4
5JPjBa2C9tbR0fG7laJHQNlVKpU4e/Zs7Ny5M8bGxt7pbYvVajXOnTsXERFjY2OxsLCw4efq6+uL
c+fOxevXr+Pq1asb/uw80H72798Xhw4djlqtPw4ePLipz/3kyZOYnZ2Lhw+/2XDEBdgqfX19uY+r
DAwM+PsLCiBwAACbYt++D6Ojo2NDf3ZlZSVmZn7Y5EUAW6Ovry++/vpf0dPTE6Ojl2NkZKToSdCW
BA4AAAAgeb6DAwAAAEiewAEAAAAkT+AAAAAAkidwAAAAAMkTOAAAAIDkCRwAAABA8gQOAAAAIHkC
BwAAAJA8gQMAAABInsABAAAAJE/gAAAAAJIncAAAAADJEzgAAACA5AkcAAAAQPIEDgAAACB5AgcA
AACQPIEDAAAASJ7AAQAAACRP4AAAAACSJ3AAAAAAyRM4AAAAgOQJHAAAAEDyBA4AAAAgeQIHAAAA
kDyBAwAAAEiewAEAAAAkT+AAAAAAkidwAAAAAMkTOAAAAIDkCRwAAABA8gQOAAAAIHkCBwAAAJA8
gQMAAABInsABAAAAJE/gAAAAAJIncAAAAADJEzgAAACA5AkcAAAAQPIEDgAAACB5AgcAAACQPIED
AAAASJ7AAQAAACRP4AAAAACSJ3AAAAAAyRM4AAAAgOT9F0s7KloZHWJDAAAAAElFTkSuQmCC
" width="800px"&gt;</msg>
<doc>Takes a screenshot of the current page and embeds it into the log.</doc>
<status status="PASS" start="2024-04-08T17:30:36.983874" elapsed="2.405355"/>
</kw>
<msg time="2024-04-08T17:30:39.389405" level="INFO">xpath criteria: //android.widget.TextView[@text='Verify your mobile number']
xpath criteria: //android.widget.TextView[@text='Verify your mobile number']
xpath criteria: //android.widget.TextView[@text='Verify your mobile number']
xpath criteria: //android.widget.TextView[@text='Verify your mobile number']
xpath criteria: //android.widget.TextView[@text='Verify your mobile number']
xpath criteria: //android.widget.TextView[@text='Verify your mobile number']
xpath criteria: //android.widget.TextView[@text='Verify your mobile number']
xpath criteria: //android.widget.TextView[@text='Verify your mobile number']
xpath criteria: //android.widget.TextView[@text='Verify your mobile number']
xpath criteria: //android.widget.TextView[@text='Verify your mobile number']
xpath criteria: //android.widget.TextView[@text='Verify your mobile number']</msg>
<msg time="2024-04-08T17:30:39.389586" level="FAIL">Element locator '//android.widget.TextView[@text='Verify your mobile number']' did not match any elements after 5 seconds</msg>
<arg>//android.widget.TextView[@text='Verify your mobile number']</arg>
<doc>Waits until element specified with `locator` is visible.</doc>
<status status="FAIL" start="2024-04-08T17:30:31.496879" elapsed="7.893471">Element locator '//android.widget.TextView[@text='Verify your mobile number']' did not match any elements after 5 seconds</status>
</kw>
<kw name="Tap With Positions" owner="AppiumLibrary">
<arg>${position}</arg>
<doc>Taps on a particular place with up to five fingers, holding for a
certain time</doc>
<status status="NOT RUN" start="2024-04-08T17:30:39.390610" elapsed="0.000029"/>
</kw>
<kw name="Input Text" owner="AppiumLibrary">
<arg>//android.view.ViewGroup[@index='3']</arg>
<arg>2</arg>
<doc>Types the given `text` into text field identified by `locator`.</doc>
<status status="NOT RUN" start="2024-04-08T17:30:39.390719" elapsed="0.000011"/>
</kw>
<kw name="Input Text" owner="AppiumLibrary">
<arg>//android.view.ViewGroup[@index='4']</arg>
<arg>2</arg>
<doc>Types the given `text` into text field identified by `locator`.</doc>
<status status="NOT RUN" start="2024-04-08T17:30:39.390793" elapsed="0.000009"/>
</kw>
<kw name="Input Text" owner="AppiumLibrary">
<arg>//android.view.ViewGroup[@index='5']</arg>
<arg>2</arg>
<doc>Types the given `text` into text field identified by `locator`.</doc>
<status status="NOT RUN" start="2024-04-08T17:30:39.390867" elapsed="0.000010"/>
</kw>
<kw name="Input Text" owner="AppiumLibrary">
<arg>//android.view.ViewGroup[@index='6']</arg>
<arg>2</arg>
<doc>Types the given `text` into text field identified by `locator`.</doc>
<status status="NOT RUN" start="2024-04-08T17:30:39.390940" elapsed="0.000009"/>
</kw>
<kw name="Wait Until Element Is Visible" owner="AppiumLibrary">
<arg>//android.widget.TextView[@text='Error']</arg>
<doc>Waits until element specified with `locator` is visible.</doc>
<status status="NOT RUN" start="2024-04-08T17:30:39.391028" elapsed="0.000010"/>
</kw>
<kw name="Log To Console" owner="BuiltIn">
<arg>Invalid OTP input warning dialog appears</arg>
<doc>Logs the given message to the console.</doc>
<status status="NOT RUN" start="2024-04-08T17:30:39.391102" elapsed="0.000011"/>
</kw>
<kw name="Click Element" owner="AppiumLibrary">
<arg>//android.view.ViewGroup[@content-desc='button Dismiss']</arg>
<doc>Click element identified by `locator`.</doc>
<status status="NOT RUN" start="2024-04-08T17:30:39.391170" elapsed="0.000009"/>
</kw>
<kw name="Log To Console" owner="BuiltIn">
<arg>Clicked on invalid OTP warning dialog's Dismiss button</arg>
<doc>Logs the given message to the console.</doc>
<status status="NOT RUN" start="2024-04-08T17:30:39.391252" elapsed="0.000009"/>
</kw>
<kw name="Page Should Not Contain Element" owner="AppiumLibrary">
<arg>//android.widget.TextView[@text='Error']</arg>
<doc>Verifies that current page not contains `locator` element.</doc>
<status status="NOT RUN" start="2024-04-08T17:30:39.391320" elapsed="0.000009"/>
</kw>
<kw name="Log To Console" owner="BuiltIn">
<arg>Invalid OTP warning dialog should close</arg>
<doc>Logs the given message to the console.</doc>
<status status="NOT RUN" start="2024-04-08T17:30:39.391384" elapsed="0.000009"/>
</kw>
<kw name="Clear Text" owner="AppiumLibrary">
<arg>//android.view.ViewGroup[@index='1']</arg>
<doc>Clears the text field identified by `locator`.</doc>
<status status="NOT RUN" start="2024-04-08T17:30:39.391464" elapsed="0.000009"/>
</kw>
<kw name="Clear Text" owner="AppiumLibrary">
<arg>//android.view.ViewGroup[@index='2']</arg>
<doc>Clears the text field identified by `locator`.</doc>
<status status="NOT RUN" start="2024-04-08T17:30:39.391526" elapsed="0.000009"/>
</kw>
<kw name="Clear Text" owner="AppiumLibrary">
<arg>//android.view.ViewGroup[@index='3']</arg>
<doc>Clears the text field identified by `locator`.</doc>
<status status="NOT RUN" start="2024-04-08T17:30:39.391591" elapsed="0.000008"/>
</kw>
<kw name="Clear Text" owner="AppiumLibrary">
<arg>//android.view.ViewGroup[@index='4']</arg>
<doc>Clears the text field identified by `locator`.</doc>
<status status="NOT RUN" start="2024-04-08T17:30:39.391652" elapsed="0.000008"/>
</kw>
<kw name="Clear Text" owner="AppiumLibrary">
<arg>//android.view.ViewGroup[@index='5']</arg>
<doc>Clears the text field identified by `locator`.</doc>
<status status="NOT RUN" start="2024-04-08T17:30:39.391717" elapsed="0.000010"/>
</kw>
<kw name="Clear Text" owner="AppiumLibrary">
<arg>//android.view.ViewGroup[@index='6']</arg>
<doc>Clears the text field identified by `locator`.</doc>
<status status="NOT RUN" start="2024-04-08T17:30:39.391798" elapsed="0.000008"/>
</kw>
<doc>Given invalid OTP:222222, error should appear on submitting</doc>
<status status="FAIL" start="2024-04-08T17:30:31.496713" elapsed="7.895288">Element locator '//android.widget.TextView[@text='Verify your mobile number']' did not match any elements after 5 seconds</status>
</test>
<status status="FAIL" start="2024-04-08T17:29:23.632669" elapsed="75.759780"/>
</suite>
<statistics>
<total>
<stat pass="10" fail="3" skip="0">All Tests</stat>
</total>
<tag>
</tag>
<suite>
<stat pass="10" fail="3" skip="0" id="s1" name="Open Apps">Open Apps</stat>
</suite>
</statistics>
<errors>
</errors>
</robot>
